time="2024-03-30T23:34:09+03:00" level=fatal msg="open config/config.yaml: no such file or directory"
time="2024-03-30T23:36:30+03:00" level=fatal msg="dial tcp: lookup db on 172.27.224.1:53: no such host"
time="2024-03-30T23:42:14+03:00" level=fatal msg="dial tcp: lookup db on 172.27.224.1:53: no such host"
time="2024-03-31T17:49:21+03:00" level=fatal msg="dial tcp: lookup db on 172.27.224.1:53: no such host"
time="2024-04-01T22:56:28+03:00" level=fatal msg="dial tcp: lookup db on 172.27.224.1:53: no such host"
time="2024-04-01T23:46:02+03:00" level=fatal msg="dial tcp: lookup db on 172.27.224.1:53: no such host"
time="2024-04-01T23:47:36+03:00" level=fatal msg="1 error(s) decoding:\n\n* cannot parse 'Database.Port' as int: strconv.ParseInt: parsing \"postgres\": invalid syntax"
time="2024-04-01T23:47:40+03:00" level=fatal msg="1 error(s) decoding:\n\n* cannot parse 'Database.Port' as int: strconv.ParseInt: parsing \"postgres\": invalid syntax"
time="2024-04-01T23:47:48+03:00" level=fatal msg="1 error(s) decoding:\n\n* cannot parse 'Database.Port' as int: strconv.ParseInt: parsing \"postgres\": invalid syntax"
time="2024-04-01T23:48:16+03:00" level=fatal msg="pq: password authentication failed for user \"postgres\""
time="2024-04-01T23:49:00+03:00" level=fatal msg="pq: database \"tpTinder\" does not exist"
time="2024-04-01T23:59:41+03:00" level=info msg="started server at 0.0.0.0:8080"
time="2024-04-02T00:01:00+03:00" level=info msg="started server at 0.0.0.0:8080"
time="2024-04-02T00:01:15+03:00" level=info msg="started server at 0.0.0.0:8080"
time="2024-04-02T00:05:00+03:00" level=info msg="started server at 0.0.0.0:8080"
time="2024-04-02T00:16:31+03:00" level=info msg="started server at 0.0.0.0:8080"
time="2024-04-02T12:21:59+03:00" level=info msg="started server at 0.0.0.0:8080"
time="2024-04-03T18:12:22+03:00" level=info msg="started server at 0.0.0.0:8080"
time="2024-04-03T18:13:57+03:00" level=info msg=registration requestID=1
time="2024-04-03T18:13:57+03:00" level=info msg="db update request to interest" requestID=1
time="2024-04-03T18:13:57+03:00" level=info msg="return interests" requestID=1
time="2024-04-03T18:13:57+03:00" level=info msg="sent interests" requestID=1
time="2024-04-03T18:14:19+03:00" level=info msg=registration requestID=2
time="2024-04-03T18:14:19+03:00" level=warning msg="can't unmarshal body: unexpected end of JSON input" requestID=2
time="2024-04-03T18:14:22+03:00" level=info msg=registration requestID=3
time="2024-04-03T18:14:22+03:00" level=info msg="db update request to interest" requestID=3
time="2024-04-03T18:14:22+03:00" level=info msg="return interests" requestID=3
time="2024-04-03T18:14:22+03:00" level=info msg="sent interests" requestID=3
time="2024-04-03T18:14:28+03:00" level=info msg=registration requestID=4
time="2024-04-03T18:14:28+03:00" level=warning msg="can't unmarshal body: unexpected end of JSON input" requestID=4
time="2024-04-03T18:17:31+03:00" level=info msg=registration requestID=5
time="2024-04-03T18:17:31+03:00" level=warning msg="can't unmarshal body: invalid character '-' in numeric literal" requestID=5
time="2024-04-03T18:18:05+03:00" level=info msg=registration requestID=6
time="2024-04-03T18:18:05+03:00" level=warning msg="can't unmarshal body: invalid character 'a' in literal null (expecting 'u')" requestID=6
time="2024-04-03T18:18:22+03:00" level=info msg=registration requestID=7
time="2024-04-03T18:18:22+03:00" level=info msg="db create request to person" requestID=7
time="2024-04-03T18:18:22+03:00" level=warning msg="db can't query: pq: invalid input syntax for type date: \"\"" requestID=7
time="2024-04-03T18:18:22+03:00" level=warning msg="can't auth: pq: invalid input syntax for type date: \"\"" requestID=7
time="2024-04-03T18:18:22+03:00" level=info msg="registered and logged with SID " requestID=7
time="2024-04-03T18:18:26+03:00" level=info msg=registration requestID=8
time="2024-04-03T18:18:26+03:00" level=warning msg="can't unmarshal body: invalid character '-' in numeric literal" requestID=8
time="2024-04-03T18:18:28+03:00" level=info msg=registration requestID=9
time="2024-04-03T18:18:28+03:00" level=warning msg="can't unmarshal body: invalid character 'a' in literal null (expecting 'u')" requestID=9
time="2024-04-03T18:29:04+03:00" level=info msg=registration requestID=10
time="2024-04-03T18:29:05+03:00" level=info msg="db create request to person" requestID=10
time="2024-04-03T18:29:05+03:00" level=warning msg="db can't query: pq: date/time field value out of range: \"01012010\"" requestID=10
time="2024-04-03T18:29:05+03:00" level=warning msg="can't auth: pq: date/time field value out of range: \"01012010\"" requestID=10
time="2024-04-03T18:29:05+03:00" level=info msg="registered and logged with SID " requestID=10
time="2024-04-03T18:51:12+03:00" level=info msg=registration requestID=11
time="2024-04-03T18:51:13+03:00" level=info msg="db create request to person" requestID=11
time="2024-04-03T18:51:13+03:00" level=warning msg="db can't query: pq: duplicate key value violates unique constraint \"person_pkey\"" requestID=11
time="2024-04-03T18:51:13+03:00" level=warning msg="can't auth: pq: duplicate key value violates unique constraint \"person_pkey\"" requestID=11
time="2024-04-03T18:51:13+03:00" level=info msg="registered and logged with SID " requestID=11
time="2024-04-03T18:51:32+03:00" level=info msg=registration requestID=12
time="2024-04-03T18:51:33+03:00" level=info msg="db create request to person" requestID=12
time="2024-04-03T18:51:33+03:00" level=info msg="db created person" requestID=12
time="2024-04-03T18:51:33+03:00" level=info msg="db get request to person" requestID=12
time="2024-04-03T18:51:33+03:00" level=info msg="db returning records" requestID=12
time="2024-04-03T18:51:34+03:00" level=info msg="db update request to person" requestID=12
time="2024-04-03T18:51:34+03:00" level=info msg="db person updated" requestID=12
time="2024-04-03T18:51:34+03:00" level=info msg="registered and logged with SID 09348d40-66dd-478d-b12a-9f814aca71e7" requestID=12
time="2024-04-03T18:52:16+03:00" level=info msg=login requestID=13
time="2024-04-03T18:52:16+03:00" level=warning msg="can't unmarshal body: unexpected end of JSON input" requestID=13
time="2024-04-03T18:53:28+03:00" level=info msg=login requestID=14
time="2024-04-03T18:53:28+03:00" level=info msg="db get request to person" requestID=14
time="2024-04-03T18:53:28+03:00" level=info msg="db returning records" requestID=14
time="2024-04-03T18:53:29+03:00" level=info msg="db update request to person" requestID=14
time="2024-04-03T18:53:29+03:00" level=info msg="db person updated" requestID=14
time="2024-04-03T18:53:29+03:00" level=info msg="login with SID: 160f531e-51fd-4e0c-ac7c-6adeb71945cd" requestID=14
time="2024-04-03T18:53:53+03:00" level=info msg="loaded session 160f531e-51fd-4e0c-ac7c-6adeb71945cd" requestID=0
time="2024-04-03T18:53:53+03:00" level=info msg="logout start" requestID=15
time="2024-04-03T18:53:53+03:00" level=info msg="db remove session_id request to person" requestID=15
time="2024-04-03T18:53:53+03:00" level=info msg="db removed session_id person" requestID=15
time="2024-04-03T18:53:53+03:00" level=info msg="logout end" requestID=15
time="2024-04-03T18:54:09+03:00" level=info msg=login requestID=16
time="2024-04-03T18:54:09+03:00" level=info msg="db get request to person" requestID=16
time="2024-04-03T18:54:09+03:00" level=info msg="db returning records" requestID=16
time="2024-04-03T18:54:10+03:00" level=info msg="db update request to person" requestID=16
time="2024-04-03T18:54:10+03:00" level=info msg="db person updated" requestID=16
time="2024-04-03T18:54:10+03:00" level=info msg="login with SID: c81e6df3-91cd-4b3b-b36b-0991fbb3d14c" requestID=16
time="2024-04-03T20:32:54+03:00" level=info msg="started server at 0.0.0.0:8080"
time="2024-04-03T20:36:04+03:00" level=info msg="started server at 0.0.0.0:8080"
time="2024-04-03T20:36:16+03:00" level=info msg="get user image" requestID=1
time="2024-04-03T20:36:16+03:00" level=info msg="db get request to person" requestID=1
time="2024-04-03T20:36:16+03:00" level=warning msg="db can't scan person: sql: Scan called without calling Next" requestID=1
time="2024-04-03T20:36:16+03:00" level=warning msg="sql: Scan called without calling Next" requestID=1
time="2024-04-03T20:36:37+03:00" level=info msg="get user image" requestID=2
time="2024-04-03T20:36:37+03:00" level=info msg="db get request to person" requestID=2
time="2024-04-03T20:36:37+03:00" level=warning msg="db can't scan person: sql: Scan called without calling Next" requestID=2
time="2024-04-03T20:36:37+03:00" level=warning msg="sql: Scan called without calling Next" requestID=2
time="2024-04-03T20:52:52+03:00" level=info msg="started server at 0.0.0.0:8080"
time="2024-04-03T20:52:56+03:00" level=info msg="get user image" requestID=1
time="2024-04-03T20:52:56+03:00" level=warning msg="db can't scan person: pq: operator does not exist: integer == unknown" requestID=1
time="2024-04-03T20:52:56+03:00" level=warning msg="pq: operator does not exist: integer == unknown" requestID=1
time="2024-04-03T20:54:54+03:00" level=info msg="started server at 0.0.0.0:8080"
time="2024-04-03T20:55:07+03:00" level=info msg="get user image" requestID=1
time="2024-04-03T20:55:07+03:00" level=warning msg="db can't scan person: pq: operator does not exist: integer == unknown" requestID=1
time="2024-04-03T20:55:07+03:00" level=warning msg="pq: operator does not exist: integer == unknown" requestID=1
time="2024-04-03T20:55:09+03:00" level=info msg="get user image" requestID=2
time="2024-04-03T20:55:09+03:00" level=warning msg="db can't scan person: pq: operator does not exist: integer == unknown" requestID=2
time="2024-04-03T20:55:09+03:00" level=warning msg="pq: operator does not exist: integer == unknown" requestID=2
time="2024-04-03T20:56:09+03:00" level=info msg="get user image" requestID=3
time="2024-04-03T20:56:09+03:00" level=warning msg="db can't scan person: pq: operator does not exist: integer == unknown" requestID=3
time="2024-04-03T20:56:09+03:00" level=warning msg="pq: operator does not exist: integer == unknown" requestID=3
time="2024-04-03T20:56:20+03:00" level=info msg="started server at 0.0.0.0:8080"
time="2024-04-03T20:56:23+03:00" level=info msg="get user image" requestID=1
time="2024-04-03T20:56:23+03:00" level=warning msg="db can't scan person: pq: operator does not exist: integer == unknown" requestID=1
time="2024-04-03T20:56:23+03:00" level=warning msg="pq: operator does not exist: integer == unknown" requestID=1
time="2024-04-03T20:56:28+03:00" level=info msg="get user image" requestID=2
time="2024-04-03T20:56:28+03:00" level=warning msg="db can't scan person: pq: operator does not exist: integer == unknown" requestID=2
time="2024-04-03T20:56:28+03:00" level=warning msg="pq: operator does not exist: integer == unknown" requestID=2
time="2024-04-03T20:56:37+03:00" level=info msg=login requestID=3
time="2024-04-03T20:56:37+03:00" level=info msg="db get request to person" requestID=3
time="2024-04-03T20:56:37+03:00" level=info msg="db returning records" requestID=3
time="2024-04-03T20:56:38+03:00" level=info msg="db update request to person" requestID=3
time="2024-04-03T20:56:38+03:00" level=info msg="db person updated" requestID=3
time="2024-04-03T20:56:38+03:00" level=info msg="login with SID: 6bafba30-c34a-4c9a-a4ed-2b8120a7bf30" requestID=3
time="2024-04-03T20:57:08+03:00" level=info msg="auth check" requestID=4
time="2024-04-03T20:57:08+03:00" level=info msg="loaded session 6bafba30-c34a-4c9a-a4ed-2b8120a7bf30" requestID=4
time="2024-04-03T20:57:08+03:00" level=info msg=authorized requestID=4
time="2024-04-03T20:58:09+03:00" level=info msg="auth check" requestID=5
time="2024-04-03T20:58:09+03:00" level=info msg="db get request to person" requestID=5
time="2024-04-03T20:58:09+03:00" level=info msg="db returning records" requestID=5
time="2024-04-03T20:58:09+03:00" level=info msg="not authorized" requestID=5
time="2024-04-03T21:00:50+03:00" level=info msg="auth check" requestID=6
time="2024-04-03T21:00:50+03:00" level=info msg="db get request to person" requestID=6
time="2024-04-03T21:00:50+03:00" level=info msg="db returning records" requestID=6
time="2024-04-03T21:00:50+03:00" level=info msg="not authorized" requestID=6
time="2024-04-03T21:02:33+03:00" level=info msg=login requestID=7
time="2024-04-03T21:02:33+03:00" level=warning msg="can't unmarshal body: unexpected end of JSON input" requestID=7
time="2024-04-03T21:02:46+03:00" level=info msg=login requestID=8
time="2024-04-03T21:02:46+03:00" level=info msg="db get request to person" requestID=8
time="2024-04-03T21:02:46+03:00" level=info msg="db returning records" requestID=8
time="2024-04-03T21:02:47+03:00" level=info msg="db update request to person" requestID=8
time="2024-04-03T21:02:47+03:00" level=info msg="db person updated" requestID=8
time="2024-04-03T21:02:47+03:00" level=info msg="login with SID: bc74d417-dbed-44f1-a4e9-3674b9fa9340" requestID=8
time="2024-04-03T21:03:27+03:00" level=info msg="auth check" requestID=9
time="2024-04-03T21:03:27+03:00" level=info msg="loaded session bc74d417-dbed-44f1-a4e9-3674b9fa9340" requestID=9
time="2024-04-03T21:03:27+03:00" level=info msg=authorized requestID=9
time="2024-04-03T21:04:01+03:00" level=info msg="get user image" requestID=10
time="2024-04-03T21:04:01+03:00" level=warning msg="db can't scan person: pq: operator does not exist: integer == unknown" requestID=10
time="2024-04-03T21:04:01+03:00" level=warning msg="pq: operator does not exist: integer == unknown" requestID=10
time="2024-04-03T21:04:07+03:00" level=info msg="get user image" requestID=11
time="2024-04-03T21:04:07+03:00" level=warning msg="db can't scan person: pq: operator does not exist: integer == unknown" requestID=11
time="2024-04-03T21:04:07+03:00" level=warning msg="pq: operator does not exist: integer == unknown" requestID=11
time="2024-04-03T21:04:44+03:00" level=info msg="get user image" requestID=12
time="2024-04-03T21:04:44+03:00" level=warning msg="db can't scan person: pq: operator does not exist: integer == unknown" requestID=12
time="2024-04-03T21:04:44+03:00" level=warning msg="pq: operator does not exist: integer == unknown" requestID=12
time="2024-04-03T21:04:47+03:00" level=info msg="started server at 0.0.0.0:8080"
time="2024-04-03T21:04:48+03:00" level=info msg="get user image" requestID=1
time="2024-04-03T21:04:48+03:00" level=warning msg="db can't scan person: pq: operator does not exist: integer == unknown" requestID=1
time="2024-04-03T21:04:48+03:00" level=warning msg="pq: operator does not exist: integer == unknown" requestID=1
time="2024-04-03T21:05:52+03:00" level=info msg="started server at 0.0.0.0:8080"
time="2024-04-03T21:05:54+03:00" level=info msg="get user image" requestID=1
time="2024-04-03T21:05:54+03:00" level=warning msg="db can't scan person: pq: operator does not exist: integer == unknown" requestID=1
time="2024-04-03T21:05:54+03:00" level=warning msg="pq: operator does not exist: integer == unknown" requestID=1
time="2024-04-03T21:06:08+03:00" level=info msg="get user image" requestID=2
time="2024-04-03T21:06:08+03:00" level=warning msg="db can't scan person: pq: operator does not exist: integer == unknown" requestID=2
time="2024-04-03T21:06:08+03:00" level=warning msg="pq: operator does not exist: integer == unknown" requestID=2
time="2024-04-03T21:06:19+03:00" level=info msg="auth check" requestID=3
time="2024-04-03T21:06:19+03:00" level=info msg="db get request to person" requestID=3
time="2024-04-03T21:06:19+03:00" level=info msg="db returning records" requestID=3
time="2024-04-03T21:06:19+03:00" level=info msg=authorized requestID=3
time="2024-04-03T21:06:26+03:00" level=info msg="auth check" requestID=4
time="2024-04-03T21:06:26+03:00" level=info msg="loaded session bc74d417-dbed-44f1-a4e9-3674b9fa9340" requestID=4
time="2024-04-03T21:06:26+03:00" level=info msg=authorized requestID=4
time="2024-04-03T21:07:10+03:00" level=info msg="started server at 0.0.0.0:8080"
time="2024-04-03T21:07:12+03:00" level=info msg="get user image" requestID=1
time="2024-04-03T21:07:12+03:00" level=warning msg="db can't scan person: pq: operator does not exist: integer == unknown" requestID=1
time="2024-04-03T21:07:12+03:00" level=warning msg="pq: operator does not exist: integer == unknown" requestID=1
time="2024-04-03T21:11:07+03:00" level=info msg="started server at 0.0.0.0:8080"
time="2024-04-03T21:11:12+03:00" level=info msg="get user image" requestID=1
time="2024-04-03T21:11:12+03:00" level=warning msg="db can't scan person: pq: operator does not exist: text == unknown" requestID=1
time="2024-04-03T21:11:12+03:00" level=warning msg="pq: operator does not exist: text == unknown" requestID=1
time="2024-04-03T21:11:35+03:00" level=info msg="started server at 0.0.0.0:8080"
time="2024-04-03T21:11:36+03:00" level=info msg="get user image" requestID=1
time="2024-04-03T21:11:36+03:00" level=warning msg="db can't scan person: pq: operator does not exist: text == unknown" requestID=1
time="2024-04-03T21:11:36+03:00" level=warning msg="pq: operator does not exist: text == unknown" requestID=1
time="2024-04-03T21:11:46+03:00" level=info msg="started server at 0.0.0.0:8080"
time="2024-04-03T21:11:47+03:00" level=info msg="get user image" requestID=1
time="2024-04-03T21:11:47+03:00" level=warning msg="db can't scan person: pq: operator does not exist: text == unknown" requestID=1
time="2024-04-03T21:11:47+03:00" level=warning msg="pq: operator does not exist: text == unknown" requestID=1
time="2024-04-03T21:12:42+03:00" level=info msg="started server at 0.0.0.0:8080"
time="2024-04-03T21:12:45+03:00" level=info msg="get user image" requestID=1
time="2024-04-03T21:12:45+03:00" level=info msg="sent image" requestID=1
time="2024-04-03T21:13:31+03:00" level=info msg="get user image" requestID=2
time="2024-04-03T21:13:31+03:00" level=info msg="sent image" requestID=2
time="2024-04-03T22:49:00+03:00" level=info msg="started server at 0.0.0.0:8080"
time="2024-04-03T22:49:24+03:00" level=info msg="get upload image" requestID=1
time="2024-04-03T22:49:24+03:00" level=warning msg="request Content-Type isn't multipart/form-data" requestID=1
time="2024-04-03T22:50:55+03:00" level=info msg="get upload image" requestID=2
time="2024-04-03T22:50:55+03:00" level=warning msg="http: no such file" requestID=2
time="2024-04-03T22:52:08+03:00" level=info msg="get upload image" requestID=3
time="2024-04-03T22:52:08+03:00" level=warning msg="http: no such file" requestID=3
time="2024-04-03T22:52:45+03:00" level=info msg="get upload image" requestID=4
time="2024-04-03T22:52:45+03:00" level=warning msg="request Content-Type isn't multipart/form-data" requestID=4
time="2024-04-03T22:52:50+03:00" level=info msg="get upload image" requestID=5
time="2024-04-03T22:52:50+03:00" level=warning msg="request Content-Type isn't multipart/form-data" requestID=5
time="2024-04-03T22:52:58+03:00" level=info msg="get upload image" requestID=6
time="2024-04-03T22:52:58+03:00" level=warning msg="http: no such file" requestID=6
time="2024-04-03T22:53:11+03:00" level=info msg="get upload image" requestID=7
time="2024-04-03T22:53:11+03:00" level=warning msg="request Content-Type isn't multipart/form-data" requestID=7
time="2024-04-03T22:53:13+03:00" level=info msg="get upload image" requestID=8
time="2024-04-03T22:53:13+03:00" level=warning msg="http: no such file" requestID=8
time="2024-04-03T22:58:34+03:00" level=info msg="get upload image" requestID=9
time="2024-04-03T22:58:34+03:00" level=warning msg="request Content-Type isn't multipart/form-data" requestID=9
time="2024-04-03T23:02:24+03:00" level=info msg="get upload image" requestID=10
time="2024-04-03T23:02:24+03:00" level=warning msg="http: no such file" requestID=10
time="2024-04-03T23:11:41+03:00" level=info msg="started server at 0.0.0.0:8080"
time="2024-04-03T23:12:03+03:00" level=info msg="get upload image" requestID=1
time="2024-04-03T23:12:03+03:00" level=warning msg="request Content-Type isn't multipart/form-data" requestID=1
time="2024-04-03T23:12:27+03:00" level=info msg="get upload image" requestID=2
time="2024-04-03T23:12:27+03:00" level=warning msg="request Content-Type isn't multipart/form-data" requestID=2
time="2024-04-03T23:13:33+03:00" level=info msg="get upload image" requestID=3
time="2024-04-03T23:13:33+03:00" level=warning msg="request Content-Type isn't multipart/form-data" requestID=3
time="2024-04-03T23:13:38+03:00" level=info msg="get upload image" requestID=4
time="2024-04-03T23:13:38+03:00" level=warning msg="request Content-Type isn't multipart/form-data" requestID=4
time="2024-04-03T23:14:08+03:00" level=info msg="get upload image" requestID=5
time="2024-04-03T23:14:08+03:00" level=warning msg="request Content-Type isn't multipart/form-data" requestID=5
time="2024-04-03T23:14:37+03:00" level=info msg="get upload image" requestID=6
time="2024-04-03T23:14:37+03:00" level=warning msg="request Content-Type isn't multipart/form-data" requestID=6
time="2024-04-03T23:14:48+03:00" level=info msg="get upload image" requestID=7
time="2024-04-03T23:14:48+03:00" level=warning msg="request Content-Type isn't multipart/form-data" requestID=7
time="2024-04-03T23:15:19+03:00" level=info msg="started server at 0.0.0.0:8080"
time="2024-04-03T23:15:21+03:00" level=info msg="get upload image" requestID=1
time="2024-04-03T23:15:21+03:00" level=warning msg="request Content-Type isn't multipart/form-data" requestID=1
time="2024-04-03T23:15:28+03:00" level=info msg="get upload image" requestID=2
time="2024-04-03T23:15:28+03:00" level=warning msg="request Content-Type isn't multipart/form-data" requestID=2
time="2024-04-03T23:16:09+03:00" level=info msg="auth check" requestID=3
time="2024-04-03T23:16:09+03:00" level=warning msg="not authorized: http: named cookie not present" requestID=3
time="2024-04-03T23:16:09+03:00" level=info msg="not authorized" requestID=3
time="2024-04-03T23:17:05+03:00" level=info msg=login requestID=4
time="2024-04-03T23:17:05+03:00" level=info msg="db get request to person" requestID=4
time="2024-04-03T23:17:05+03:00" level=info msg="db returning records" requestID=4
time="2024-04-03T23:17:06+03:00" level=info msg="db update request to person" requestID=4
time="2024-04-03T23:17:06+03:00" level=info msg="db person updated" requestID=4
time="2024-04-03T23:17:06+03:00" level=info msg="login with SID: 42ce11cf-675f-4cf6-a533-14d917fdafdd" requestID=4
time="2024-04-03T23:17:46+03:00" level=info msg="get upload image" requestID=5
time="2024-04-03T23:17:46+03:00" level=warning msg="request Content-Type isn't multipart/form-data" requestID=5
time="2024-04-03T23:17:50+03:00" level=info msg="get upload image" requestID=6
time="2024-04-03T23:17:50+03:00" level=warning msg="request Content-Type isn't multipart/form-data" requestID=6
time="2024-04-03T23:18:27+03:00" level=info msg="get upload image" requestID=7
time="2024-04-03T23:18:27+03:00" level=warning msg="request Content-Type isn't multipart/form-data" requestID=7
time="2024-04-03T23:18:30+03:00" level=info msg="get upload image" requestID=8
time="2024-04-03T23:18:30+03:00" level=warning msg="request Content-Type isn't multipart/form-data" requestID=8
time="2024-04-03T23:18:31+03:00" level=info msg="get upload image" requestID=9
time="2024-04-03T23:18:31+03:00" level=warning msg="request Content-Type isn't multipart/form-data" requestID=9
time="2024-04-03T23:18:31+03:00" level=info msg="get upload image" requestID=10
time="2024-04-03T23:18:31+03:00" level=warning msg="request Content-Type isn't multipart/form-data" requestID=10
time="2024-04-03T23:18:32+03:00" level=info msg="get upload image" requestID=11
time="2024-04-03T23:18:32+03:00" level=warning msg="request Content-Type isn't multipart/form-data" requestID=11
time="2024-04-03T23:18:38+03:00" level=info msg="get upload image" requestID=12
time="2024-04-03T23:18:38+03:00" level=warning msg="request Content-Type isn't multipart/form-data" requestID=12
time="2024-04-03T23:18:41+03:00" level=info msg="get upload image" requestID=13
time="2024-04-03T23:18:41+03:00" level=warning msg="request Content-Type isn't multipart/form-data" requestID=13
time="2024-04-03T23:18:44+03:00" level=info msg="get upload image" requestID=14
time="2024-04-03T23:18:44+03:00" level=warning msg="request Content-Type isn't multipart/form-data" requestID=14
time="2024-04-03T23:18:48+03:00" level=info msg="get upload image" requestID=15
time="2024-04-03T23:18:48+03:00" level=warning msg="request Content-Type isn't multipart/form-data" requestID=15
time="2024-04-03T23:19:05+03:00" level=info msg="get upload image" requestID=16
time="2024-04-03T23:19:05+03:00" level=warning msg="http: no such file" requestID=16
time="2024-04-03T23:19:17+03:00" level=info msg="get upload image" requestID=17
time="2024-04-03T23:19:17+03:00" level=warning msg="http: no such file" requestID=17
time="2024-04-03T23:21:05+03:00" level=info msg="started server at 0.0.0.0:8080"
time="2024-04-03T23:21:11+03:00" level=info msg="get upload image" requestID=1
time="2024-04-03T23:21:11+03:00" level=warning msg="http: no such file" requestID=1
time="2024-04-03T23:21:15+03:00" level=info msg="get upload image" requestID=2
time="2024-04-03T23:21:15+03:00" level=warning msg="request Content-Type isn't multipart/form-data" requestID=2
time="2024-04-03T23:21:20+03:00" level=info msg="get upload image" requestID=3
time="2024-04-03T23:21:20+03:00" level=warning msg="http: no such file" requestID=3
time="2024-04-03T23:22:36+03:00" level=info msg="started server at 0.0.0.0:8080"
time="2024-04-03T23:22:40+03:00" level=info msg="get upload image" requestID=1
time="2024-04-03T23:22:40+03:00" level=warning msg="http: no such file" requestID=1
time="2024-04-03T23:25:18+03:00" level=info msg="started server at 0.0.0.0:8080"
time="2024-04-03T23:25:21+03:00" level=info msg="get upload image" requestID=1
time="2024-04-03T23:25:21+03:00" level=warning msg="http: no such file" requestID=1
time="2024-04-03T23:53:33+03:00" level=info msg="get upload image" requestID=2
time="2024-04-03T23:53:33+03:00" level=warning msg="http: no such file" requestID=2
time="2024-04-03T23:54:05+03:00" level=info msg="started server at 0.0.0.0:8080"
time="2024-04-03T23:54:12+03:00" level=info msg="get upload image" requestID=1
time="2024-04-03T23:56:08+03:00" level=info msg="started server at 0.0.0.0:8080"
time="2024-04-03T23:56:12+03:00" level=info msg="get upload image" requestID=1
time="2024-04-03T23:59:36+03:00" level=info msg="started server at 0.0.0.0:8080"
time="2024-04-03T23:59:40+03:00" level=info msg="get upload image" requestID=1
time="2024-04-04T00:00:18+03:00" level=info msg="started server at 0.0.0.0:8080"
time="2024-04-04T00:00:25+03:00" level=info msg="get upload image" requestID=1
time="2024-04-04T00:02:14+03:00" level=info msg="started server at 0.0.0.0:8080"
time="2024-04-04T00:02:17+03:00" level=info msg="get upload image" requestID=1
time="2024-04-04T00:04:28+03:00" level=info msg="started server at 0.0.0.0:8080"
time="2024-04-04T00:04:31+03:00" level=info msg="get upload image" requestID=1
time="2024-04-04T00:07:17+03:00" level=info msg="get upload image" requestID=2
time="2024-04-04T00:08:19+03:00" level=info msg="started server at 0.0.0.0:8080"
time="2024-04-04T00:08:25+03:00" level=info msg="get upload image" requestID=1
time="2024-04-04T00:08:25+03:00" level=warning msg="request Content-Type isn't multipart/form-data" requestID=1
time="2024-04-04T00:13:02+03:00" level=info msg="get upload image" requestID=2
time="2024-04-04T00:13:02+03:00" level=warning msg="http: no such file" requestID=2
time="2024-04-04T00:19:47+03:00" level=info msg="get upload image" requestID=3
time="2024-04-04T00:19:47+03:00" level=warning msg="http: no such file" requestID=3
time="2024-04-04T00:20:32+03:00" level=info msg="started server at 0.0.0.0:8080"
time="2024-04-04T00:20:34+03:00" level=info msg="get upload image" requestID=1
time="2024-04-04T00:20:34+03:00" level=warning msg="http: no such file" requestID=1
time="2024-04-04T00:49:39+03:00" level=info msg="get upload image" requestID=2
time="2024-04-04T00:49:39+03:00" level=warning msg="http: no such file" requestID=2
time="2024-04-04T00:50:01+03:00" level=info msg="started server at 0.0.0.0:8080"
time="2024-04-04T00:50:05+03:00" level=info msg="get upload image" requestID=1
time="2024-04-04T00:50:05+03:00" level=warning msg="http: no such file" requestID=1
time="2024-04-04T00:50:58+03:00" level=info msg="get upload image" requestID=2
time="2024-04-04T00:50:58+03:00" level=warning msg="http: no such file" requestID=2
time="2024-04-04T00:51:34+03:00" level=info msg="get upload image" requestID=3
time="2024-04-04T00:51:34+03:00" level=warning msg="http: no such file" requestID=3
time="2024-04-04T00:56:56+03:00" level=info msg="started server at 0.0.0.0:8080"
time="2024-04-04T00:57:01+03:00" level=info msg="get upload image" requestID=1
time="2024-04-04T00:57:01+03:00" level=warning msg="http: no such file" requestID=1
time="2024-04-04T00:59:02+03:00" level=info msg="get upload image" requestID=2
time="2024-04-04T00:59:02+03:00" level=warning msg="request Content-Type isn't multipart/form-data" requestID=2
time="2024-04-04T00:59:05+03:00" level=info msg="get upload image" requestID=3
time="2024-04-04T00:59:05+03:00" level=warning msg="http: no such file" requestID=3
time="2024-04-04T01:00:24+03:00" level=info msg="get upload image" requestID=4
time="2024-04-04T01:00:24+03:00" level=warning msg="request Content-Type isn't multipart/form-data" requestID=4
time="2024-04-04T01:04:12+03:00" level=info msg="get upload image" requestID=5
time="2024-04-04T01:04:12+03:00" level=warning msg="open /home/image-store/user-images/0DD9460F-73C6-4995-BD9B-D2B066D71D90.jpg: permission denied" requestID=5
time="2024-04-04T01:06:29+03:00" level=info msg="get upload image" requestID=6
time="2024-04-04T01:07:26+03:00" level=info msg="get upload image" requestID=7
time="2024-04-04T01:07:31+03:00" level=info msg="started server at 0.0.0.0:8080"
time="2024-04-04T01:07:32+03:00" level=info msg="get upload image" requestID=1
time="2024-04-04T01:09:51+03:00" level=info msg=login requestID=2
time="2024-04-04T01:09:51+03:00" level=info msg="db get request to person" requestID=2
time="2024-04-04T01:09:51+03:00" level=info msg="db returning records" requestID=2
time="2024-04-04T01:09:52+03:00" level=info msg="db update request to person" requestID=2
time="2024-04-04T01:09:52+03:00" level=info msg="db person updated" requestID=2
time="2024-04-04T01:09:52+03:00" level=info msg="login with SID: 520c8558-7390-44b9-af39-82c7a4f507e7" requestID=2
time="2024-04-04T01:10:25+03:00" level=info msg="get upload image" requestID=3
time="2024-04-04T01:10:25+03:00" level=warning msg="open /home/image-store/user-images/0DD9460F-73C6-4995-BD9B-D2B066D71D90.jpg: permission denied" requestID=3
time="2024-04-04T01:10:52+03:00" level=info msg="get upload image" requestID=4
time="2024-04-04T01:10:57+03:00" level=info msg="started server at 0.0.0.0:8080"
time="2024-04-04T01:10:58+03:00" level=info msg="get upload image" requestID=1
time="2024-04-04T01:13:34+03:00" level=info msg="get upload image" requestID=2
time="2024-04-04T01:13:38+03:00" level=info msg="started server at 0.0.0.0:8080"
time="2024-04-04T01:13:39+03:00" level=info msg="get upload image" requestID=1
time="2024-04-04T01:15:34+03:00" level=info msg="started server at 0.0.0.0:8080"
time="2024-04-04T01:15:37+03:00" level=info msg="get upload image" requestID=1
time="2024-04-04T01:16:15+03:00" level=info msg="started server at 0.0.0.0:8080"
time="2024-04-04T01:16:18+03:00" level=info msg="get upload image" requestID=1
time="2024-04-04T01:18:16+03:00" level=info msg="get upload image" requestID=2
time="2024-04-04T01:18:16+03:00" level=warning msg="open /home/image-store/user-images/0DD9460F-73C6-4995-BD9B-D2B066D71D90.jpg: permission denied" requestID=2
time="2024-04-04T01:18:34+03:00" level=info msg="get upload image" requestID=3
time="2024-04-04T01:18:34+03:00" level=warning msg="open /home/image-store/user-images/0DD9460F-73C6-4995-BD9B-D2B066D71D90.jpg: permission denied" requestID=3
time="2024-04-04T01:21:08+03:00" level=info msg="started server at 0.0.0.0:8080"
time="2024-04-04T01:21:10+03:00" level=info msg="get upload image" requestID=1
time="2024-04-04T01:21:10+03:00" level=warning msg="open /home/image-store/user-images/0DD9460F-73C6-4995-BD9B-D2B066D71D90.jpg: permission denied" requestID=1
time="2024-04-04T01:24:13+03:00" level=info msg="get upload image" requestID=2
time="2024-04-04T01:24:13+03:00" level=info msg="image added" requestID=2
time="2024-04-04T01:26:24+03:00" level=info msg="started server at 0.0.0.0:8080"
time="2024-04-04T01:26:28+03:00" level=info msg="get upload image" requestID=1
time="2024-04-04T01:26:28+03:00" level=info msg="image added" requestID=1
time="2024-04-04T01:26:36+03:00" level=info msg="get upload image" requestID=2
time="2024-04-04T01:26:40+03:00" level=info msg="started server at 0.0.0.0:8080"
time="2024-04-04T01:26:42+03:00" level=info msg="get upload image" requestID=1
time="2024-04-04T01:26:49+03:00" level=info msg="get upload image" requestID=2
time="2024-04-04T01:26:50+03:00" level=info msg="get upload image" requestID=3
time="2024-04-04T01:27:12+03:00" level=info msg="started server at 0.0.0.0:8080"
time="2024-04-04T01:27:18+03:00" level=info msg="get upload image" requestID=1
time="2024-04-04T01:27:18+03:00" level=info msg="image added" requestID=1
time="2024-04-04T01:29:24+03:00" level=info msg="started server at 0.0.0.0:8080"
time="2024-04-04T01:29:32+03:00" level=info msg="get upload image" requestID=1
time="2024-04-04T01:29:32+03:00" level=info msg="image added" requestID=1
time="2024-04-04T01:30:48+03:00" level=info msg="get upload image" requestID=2
time="2024-04-04T01:30:48+03:00" level=warning msg="request Content-Type isn't multipart/form-data" requestID=2
time="2024-04-04T01:30:55+03:00" level=info msg="get upload image" requestID=3
time="2024-04-04T01:30:55+03:00" level=warning msg="http: no such file" requestID=3
time="2024-04-04T01:30:58+03:00" level=info msg="get upload image" requestID=4
time="2024-04-04T01:30:58+03:00" level=warning msg="request Content-Type isn't multipart/form-data" requestID=4
time="2024-04-04T01:32:14+03:00" level=info msg="started server at 0.0.0.0:8080"
time="2024-04-04T01:32:19+03:00" level=info msg="get upload image" requestID=1
time="2024-04-04T01:32:19+03:00" level=info msg="image added" requestID=1
time="2024-04-04T01:34:09+03:00" level=info msg="started server at 0.0.0.0:8080"
time="2024-04-04T01:34:12+03:00" level=info msg="get upload image" requestID=1
time="2024-04-04T01:34:12+03:00" level=info msg="image added" requestID=1
time="2024-04-04T01:34:32+03:00" level=info msg="started server at 0.0.0.0:8080"
time="2024-04-04T01:34:35+03:00" level=info msg="get upload image" requestID=1
time="2024-04-04T01:34:35+03:00" level=info msg="image added" requestID=1
time="2024-04-04T15:13:30+03:00" level=info msg="started server at 0.0.0.0:8080"
time="2024-04-04T15:14:21+03:00" level=info msg="get user image" requestID=1
time="2024-04-04T15:14:21+03:00" level=warning msg="db can't scan person: sql: expected 2 destination arguments in Scan, not 1" requestID=1
time="2024-04-04T15:14:21+03:00" level=warning msg="sql: expected 2 destination arguments in Scan, not 1" requestID=1
time="2024-04-04T15:14:52+03:00" level=info msg="get user image" requestID=2
time="2024-04-04T15:14:52+03:00" level=warning msg="db can't scan person: sql: no rows in result set" requestID=2
time="2024-04-04T15:14:52+03:00" level=warning msg="sql: no rows in result set" requestID=2
time="2024-04-04T15:15:21+03:00" level=info msg="get user image" requestID=3
time="2024-04-04T15:15:21+03:00" level=warning msg="db can't scan person: sql: expected 2 destination arguments in Scan, not 1" requestID=3
time="2024-04-04T15:15:21+03:00" level=warning msg="sql: expected 2 destination arguments in Scan, not 1" requestID=3
time="2024-04-04T15:15:22+03:00" level=info msg="get user image" requestID=4
time="2024-04-04T15:15:22+03:00" level=warning msg="db can't scan person: sql: expected 2 destination arguments in Scan, not 1" requestID=4
time="2024-04-04T15:15:22+03:00" level=warning msg="sql: expected 2 destination arguments in Scan, not 1" requestID=4
time="2024-04-04T15:15:26+03:00" level=info msg="get user image" requestID=5
time="2024-04-04T15:15:26+03:00" level=warning msg="db can't scan person: sql: no rows in result set" requestID=5
time="2024-04-04T15:15:26+03:00" level=warning msg="sql: no rows in result set" requestID=5
time="2024-04-04T15:16:08+03:00" level=info msg="get user image" requestID=6
time="2024-04-04T15:16:08+03:00" level=warning msg="db can't scan person: sql: no rows in result set" requestID=6
time="2024-04-04T15:16:08+03:00" level=warning msg="sql: no rows in result set" requestID=6
time="2024-04-04T15:17:16+03:00" level=info msg="get user image" requestID=7
time="2024-04-04T15:17:16+03:00" level=warning msg="db can't scan person: sql: expected 2 destination arguments in Scan, not 1" requestID=7
time="2024-04-04T15:17:16+03:00" level=warning msg="sql: expected 2 destination arguments in Scan, not 1" requestID=7
time="2024-04-04T15:17:26+03:00" level=info msg="get user image" requestID=8
time="2024-04-04T15:17:26+03:00" level=warning msg="db can't scan person: sql: no rows in result set" requestID=8
time="2024-04-04T15:17:26+03:00" level=warning msg="sql: no rows in result set" requestID=8
time="2024-04-04T15:18:01+03:00" level=info msg="started server at 0.0.0.0:8080"
time="2024-04-04T15:18:04+03:00" level=info msg="get user image" requestID=1
time="2024-04-04T15:18:04+03:00" level=warning msg="db can't scan person: sql: no rows in result set" requestID=1
time="2024-04-04T15:18:04+03:00" level=warning msg="sql: no rows in result set" requestID=1
time="2024-04-04T15:18:21+03:00" level=info msg="get user image" requestID=2
time="2024-04-04T15:18:21+03:00" level=warning msg="db can't scan person: sql: no rows in result set" requestID=2
time="2024-04-04T15:18:21+03:00" level=warning msg="sql: no rows in result set" requestID=2
time="2024-04-04T15:18:49+03:00" level=info msg="get user image" requestID=3
time="2024-04-04T15:18:49+03:00" level=warning msg="db can't scan person: sql: expected 2 destination arguments in Scan, not 1" requestID=3
time="2024-04-04T15:18:49+03:00" level=warning msg="sql: expected 2 destination arguments in Scan, not 1" requestID=3
time="2024-04-04T15:19:14+03:00" level=info msg="started server at 0.0.0.0:8080"
time="2024-04-04T15:19:18+03:00" level=info msg="get user image" requestID=1
time="2024-04-04T15:19:18+03:00" level=warning msg="db can't scan person: sql: expected 2 destination arguments in Scan, not 1" requestID=1
time="2024-04-04T15:19:18+03:00" level=warning msg="sql: expected 2 destination arguments in Scan, not 1" requestID=1
time="2024-04-04T15:20:30+03:00" level=info msg="started server at 0.0.0.0:8080"
time="2024-04-04T15:20:33+03:00" level=info msg="get user image" requestID=1
time="2024-04-04T15:20:33+03:00" level=warning msg="db can't scan person: sql: expected 2 destination arguments in Scan, not 1" requestID=1
time="2024-04-04T15:20:33+03:00" level=warning msg="sql: expected 2 destination arguments in Scan, not 1" requestID=1
time="2024-04-04T15:20:55+03:00" level=info msg="started server at 0.0.0.0:8080"
time="2024-04-04T15:20:59+03:00" level=info msg="get user image" requestID=1
time="2024-04-04T15:20:59+03:00" level=warning msg="db can't scan person: sql: expected 2 destination arguments in Scan, not 1" requestID=1
time="2024-04-04T15:20:59+03:00" level=warning msg="sql: expected 2 destination arguments in Scan, not 1" requestID=1
time="2024-04-04T15:21:56+03:00" level=info msg="started server at 0.0.0.0:8080"
time="2024-04-04T15:21:59+03:00" level=info msg="get user image" requestID=1
time="2024-04-04T15:21:59+03:00" level=warning msg="db can't scan person: sql: expected 2 destination arguments in Scan, not 1" requestID=1
time="2024-04-04T15:21:59+03:00" level=warning msg="sql: expected 2 destination arguments in Scan, not 1" requestID=1
time="2024-04-04T15:23:38+03:00" level=info msg="started server at 0.0.0.0:8080"
time="2024-04-04T15:23:41+03:00" level=info msg="get user image" requestID=1
time="2024-04-04T15:23:41+03:00" level=info msg="sent image" requestID=1
time="2024-04-04T15:24:34+03:00" level=info msg="started server at 0.0.0.0:8080"
time="2024-04-04T15:24:37+03:00" level=info msg="get user image" requestID=1
time="2024-04-04T15:24:37+03:00" level=info msg="sent image" requestID=1
time="2024-04-04T16:23:15+03:00" level=info msg="started server at 0.0.0.0:8080"
time="2024-04-04T16:30:29+03:00" level=info msg="started server at 0.0.0.0:8080"
time="2024-04-04T16:30:57+03:00" level=info msg="get upload image" requestID=1
time="2024-04-04T16:31:38+03:00" level=info msg="started server at 0.0.0.0:8080"
time="2024-04-04T16:31:41+03:00" level=info msg="get upload image" requestID=1
time="2024-04-04T16:31:41+03:00" level=info msg="image added" requestID=1
time="2024-04-04T16:48:33+03:00" level=info msg="get upload image" requestID=2
time="2024-04-04T16:48:33+03:00" level=info msg="image added" requestID=2
time="2024-04-04T16:50:08+03:00" level=info msg="get upload image" requestID=3
time="2024-04-04T16:50:08+03:00" level=info msg="image added" requestID=3
time="2024-04-04T16:51:26+03:00" level=info msg="started server at 0.0.0.0:8080"
time="2024-04-04T16:51:28+03:00" level=info msg="get upload image" requestID=1
time="2024-04-04T16:51:28+03:00" level=info msg="file uploaded to bucket" requestID=1
time="2024-04-04T16:51:28+03:00" level=info msg="image added" requestID=1
time="2024-04-04T16:55:39+03:00" level=info msg="started server at 0.0.0.0:8080"
time="2024-04-04T16:55:43+03:00" level=info msg="get upload image" requestID=1
time="2024-04-04T16:55:43+03:00" level=warning msg="BodyHashError: failed to compute body hashes\ncaused by: read /home/image-store/user-images/0DD9460F-73C6-4995-BD9B-D2B066D71D90.jpg: bad file descriptor" requestID=1
time="2024-04-04T16:55:43+03:00" level=info msg="image added" requestID=1
time="2024-04-04T16:57:13+03:00" level=info msg="started server at 0.0.0.0:8080"
time="2024-04-04T16:57:16+03:00" level=info msg="get upload image" requestID=1
time="2024-04-04T16:57:16+03:00" level=info msg="file uploaded to bucket" requestID=1
time="2024-04-04T16:57:16+03:00" level=info msg="image added" requestID=1
time="2024-04-04T16:59:30+03:00" level=info msg="get upload image" requestID=2
time="2024-04-04T16:59:30+03:00" level=info msg="file uploaded to bucket" requestID=2
time="2024-04-04T16:59:30+03:00" level=info msg="image added" requestID=2
time="2024-04-04T17:05:26+03:00" level=info msg="get user image" requestID=3
time="2024-04-04T17:05:26+03:00" level=info msg="sent image" requestID=3
time="2024-04-04T17:13:47+03:00" level=info msg="started server at 0.0.0.0:8080"
time="2024-04-04T17:13:51+03:00" level=info msg="get user image" requestID=1
time="2024-04-04T17:13:51+03:00" level=info msg="sent image" requestID=1
time="2024-04-04T17:15:02+03:00" level=info msg="get user image" requestID=2
time="2024-04-04T17:15:02+03:00" level=info msg="sent image" requestID=2
time="2024-04-04T17:41:27+03:00" level=info msg="started server at 0.0.0.0:8080"
time="2024-04-04T17:41:33+03:00" level=info msg="get user image" requestID=1
time="2024-04-04T17:41:33+03:00" level=info msg="sent image" requestID=1
time="2024-04-04T17:42:28+03:00" level=info msg="started server at 0.0.0.0:8080"
time="2024-04-04T17:42:31+03:00" level=info msg="get user image" requestID=1
time="2024-04-04T17:42:31+03:00" level=info msg="sent image" requestID=1
time="2024-04-04T17:43:45+03:00" level=info msg="started server at 0.0.0.0:8080"
time="2024-04-04T17:43:52+03:00" level=info msg="get user image" requestID=1
time="2024-04-04T17:43:52+03:00" level=info msg="sent image" requestID=1
time="2024-04-04T17:44:07+03:00" level=info msg="get user image" requestID=2
time="2024-04-04T17:44:07+03:00" level=info msg="sent image" requestID=2
time="2024-04-04T17:44:42+03:00" level=info msg="started server at 0.0.0.0:8080"
time="2024-04-04T17:44:45+03:00" level=info msg="get user image" requestID=1
time="2024-04-04T17:44:45+03:00" level=info msg="sent image" requestID=1
time="2024-04-04T17:51:54+03:00" level=info msg="started server at 0.0.0.0:8080"
time="2024-04-04T17:51:57+03:00" level=info msg="get user image" requestID=1
time="2024-04-04T17:51:57+03:00" level=info msg="sent image" requestID=1
time="2024-04-04T17:53:12+03:00" level=info msg="get upload image" requestID=2
time="2024-04-04T17:53:12+03:00" level=info msg="file uploaded to bucket" requestID=2
time="2024-04-04T17:53:12+03:00" level=info msg="image added" requestID=2
time="2024-04-04T17:54:16+03:00" level=info msg="started server at 0.0.0.0:8080"
time="2024-04-04T17:54:22+03:00" level=info msg="get upload image" requestID=1
time="2024-04-04T17:54:22+03:00" level=warning msg="open /home/image-store15840993976050s.jpg: permission denied" requestID=1
time="2024-04-04T17:54:58+03:00" level=info msg="started server at 0.0.0.0:8080"
time="2024-04-04T17:55:01+03:00" level=info msg="get upload image" requestID=1
time="2024-04-04T17:55:01+03:00" level=warning msg="open /home/image-store15840993976050s.jpg: no such file or directory" requestID=1
time="2024-04-04T17:55:23+03:00" level=info msg="started server at 0.0.0.0:8080"
time="2024-04-04T17:55:25+03:00" level=info msg="get upload image" requestID=1
time="2024-04-04T17:55:25+03:00" level=info msg="file uploaded to bucket" requestID=1
time="2024-04-04T17:55:25+03:00" level=info msg="image added" requestID=1
time="2024-04-04T17:56:30+03:00" level=info msg="started server at 0.0.0.0:8080"
time="2024-04-04T17:56:36+03:00" level=info msg="get user image" requestID=1
time="2024-04-04T17:56:36+03:00" level=info msg="sent image" requestID=1
time="2024-04-04T20:19:29+03:00" level=info msg="started server at 0.0.0.0:8080"
time="2024-04-04T20:19:50+03:00" level=info msg="get upload image" requestID=1
time="2024-04-04T20:21:58+03:00" level=info msg="started server at 0.0.0.0:8080"
time="2024-04-04T20:22:00+03:00" level=info msg="get upload image" requestID=1
time="2024-04-04T20:24:23+03:00" level=info msg="started server at 0.0.0.0:8080"
time="2024-04-04T20:24:25+03:00" level=info msg="get upload image" requestID=1
time="2024-04-04T20:37:19+03:00" level=info msg="started server at 0.0.0.0:8080"
time="2024-04-04T20:37:21+03:00" level=info msg="get upload image" requestID=1
time="2024-04-04T20:37:21+03:00" level=info msg="file uploaded to bucket" requestID=1
time="2024-04-04T20:37:21+03:00" level=info msg="image added" requestID=1
time="2024-04-04T20:38:08+03:00" level=info msg="get upload image" requestID=2
time="2024-04-04T20:38:09+03:00" level=info msg="file uploaded to bucket" requestID=2
time="2024-04-04T20:38:09+03:00" level=info msg="image added" requestID=2
time="2024-04-04T20:39:03+03:00" level=info msg="started server at 0.0.0.0:8080"
time="2024-04-04T20:39:05+03:00" level=info msg="get upload image" requestID=1
time="2024-04-04T20:39:05+03:00" level=info msg="file uploaded to bucket" requestID=1
time="2024-04-04T20:39:05+03:00" level=info msg="image added" requestID=1
time="2024-04-04T20:42:03+03:00" level=info msg="started server at 0.0.0.0:8080"
time="2024-04-04T20:42:06+03:00" level=info msg="get upload image" requestID=1
time="2024-04-04T20:42:06+03:00" level=info msg="file uploaded to bucket" requestID=1
time="2024-04-04T20:42:06+03:00" level=info msg="image added" requestID=1
time="2024-04-04T21:04:31+03:00" level=info msg="started server at 0.0.0.0:8080"
time="2024-04-04T21:04:33+03:00" level=info msg="get upload image" requestID=1
time="2024-04-04T21:04:33+03:00" level=info msg="file uploaded to bucket" requestID=1
time="2024-04-04T21:04:33+03:00" level=info msg="image added" requestID=1
time="2024-04-04T21:05:17+03:00" level=info msg="get upload image" requestID=2
time="2024-04-04T21:05:17+03:00" level=info msg="file uploaded to bucket" requestID=2
time="2024-04-04T21:05:17+03:00" level=info msg="image added" requestID=2
time="2024-04-04T21:07:04+03:00" level=info msg="started server at 0.0.0.0:8080"
time="2024-04-04T21:07:06+03:00" level=info msg="get upload image" requestID=1
time="2024-04-04T21:07:06+03:00" level=info msg="file uploaded to bucket" requestID=1
time="2024-04-04T21:07:06+03:00" level=info msg="image added" requestID=1
time="2024-04-04T21:09:21+03:00" level=info msg="started server at 0.0.0.0:8080"
time="2024-04-04T21:09:23+03:00" level=info msg="get upload image" requestID=1
time="2024-04-04T21:09:23+03:00" level=info msg="file uploaded to bucket" requestID=1
time="2024-04-04T21:09:23+03:00" level=info msg="image added" requestID=1
time="2024-04-04T21:12:19+03:00" level=info msg="started server at 0.0.0.0:8080"
time="2024-04-04T21:12:21+03:00" level=info msg="get upload image" requestID=1
time="2024-04-04T21:12:21+03:00" level=info msg="file uploaded to bucket" requestID=1
time="2024-04-04T21:12:21+03:00" level=info msg="image added" requestID=1
time="2024-04-04T21:14:30+03:00" level=info msg="started server at 0.0.0.0:8080"
time="2024-04-04T21:14:32+03:00" level=info msg="get upload image" requestID=1
time="2024-04-04T21:14:32+03:00" level=info msg="file uploaded to bucket" requestID=1
time="2024-04-04T21:14:32+03:00" level=info msg="image added" requestID=1
time="2024-04-04T21:16:15+03:00" level=info msg="started server at 0.0.0.0:8080"
time="2024-04-04T21:16:25+03:00" level=info msg="started server at 0.0.0.0:8080"
time="2024-04-04T21:16:27+03:00" level=info msg="get upload image" requestID=1
time="2024-04-04T21:16:27+03:00" level=info msg="file uploaded to bucket" requestID=1
time="2024-04-04T21:16:27+03:00" level=info msg="image added" requestID=1
time="2024-04-04T21:17:49+03:00" level=info msg="get upload image" requestID=2
time="2024-04-04T21:17:49+03:00" level=warning msg="http: no such file" requestID=2
time="2024-04-04T21:18:14+03:00" level=info msg="get upload image" requestID=3
time="2024-04-04T21:18:14+03:00" level=warning msg="http: no such file" requestID=3
time="2024-04-04T21:18:22+03:00" level=info msg="get upload image" requestID=4
time="2024-04-04T21:18:22+03:00" level=warning msg="http: no such file" requestID=4
time="2024-04-04T21:18:25+03:00" level=info msg="get upload image" requestID=5
time="2024-04-04T21:18:25+03:00" level=warning msg="http: no such file" requestID=5
time="2024-04-04T21:18:59+03:00" level=info msg="get upload image" requestID=6
time="2024-04-04T21:18:59+03:00" level=warning msg="request Content-Type isn't multipart/form-data" requestID=6
time="2024-04-04T21:19:09+03:00" level=info msg="get upload image" requestID=7
time="2024-04-04T21:19:09+03:00" level=warning msg="request Content-Type isn't multipart/form-data" requestID=7
time="2024-04-04T21:19:13+03:00" level=info msg="get upload image" requestID=8
time="2024-04-04T21:19:13+03:00" level=warning msg="http: no such file" requestID=8
time="2024-04-04T21:19:19+03:00" level=info msg="get upload image" requestID=9
time="2024-04-04T21:19:19+03:00" level=warning msg="http: no such file" requestID=9
time="2024-04-04T21:19:19+03:00" level=info msg="get upload image" requestID=10
time="2024-04-04T21:19:19+03:00" level=warning msg="http: no such file" requestID=10
time="2024-04-04T21:19:20+03:00" level=info msg="get upload image" requestID=11
time="2024-04-04T21:19:20+03:00" level=warning msg="http: no such file" requestID=11
time="2024-04-04T21:19:20+03:00" level=info msg="get upload image" requestID=12
time="2024-04-04T21:19:20+03:00" level=warning msg="http: no such file" requestID=12
time="2024-04-04T21:19:20+03:00" level=info msg="get upload image" requestID=13
time="2024-04-04T21:19:20+03:00" level=warning msg="http: no such file" requestID=13
time="2024-04-04T21:19:20+03:00" level=info msg="get upload image" requestID=14
time="2024-04-04T21:19:20+03:00" level=warning msg="http: no such file" requestID=14
time="2024-04-04T21:19:20+03:00" level=info msg="get upload image" requestID=15
time="2024-04-04T21:19:20+03:00" level=warning msg="http: no such file" requestID=15
time="2024-04-04T21:19:20+03:00" level=info msg="get upload image" requestID=16
time="2024-04-04T21:19:20+03:00" level=warning msg="http: no such file" requestID=16
time="2024-04-04T21:19:49+03:00" level=info msg="started server at 0.0.0.0:8080"
time="2024-04-04T21:20:00+03:00" level=info msg="get upload image" requestID=1
time="2024-04-04T21:20:00+03:00" level=warning msg="http: no such file" requestID=1
time="2024-04-04T21:20:18+03:00" level=info msg="get user image" requestID=2
time="2024-04-04T21:20:18+03:00" level=info msg="sent image" requestID=2
time="2024-04-04T21:21:53+03:00" level=info msg="get upload image" requestID=3
time="2024-04-04T21:21:53+03:00" level=info msg="file uploaded to bucket" requestID=3
time="2024-04-04T21:21:53+03:00" level=info msg="image added" requestID=3
time="2024-04-04T21:24:41+03:00" level=info msg="started server at 0.0.0.0:8080"
time="2024-04-04T21:24:43+03:00" level=info msg="get upload image" requestID=1
time="2024-04-04T21:24:43+03:00" level=info msg="file uploaded to bucket" requestID=1
time="2024-04-04T21:24:43+03:00" level=info msg="image added" requestID=1
time="2024-04-04T21:25:20+03:00" level=info msg="started server at 0.0.0.0:8080"
time="2024-04-04T21:25:23+03:00" level=info msg="get upload image" requestID=1
time="2024-04-04T21:25:23+03:00" level=info msg="file uploaded to bucket" requestID=1
time="2024-04-04T21:25:23+03:00" level=info msg="image added" requestID=1
time="2024-04-04T21:27:47+03:00" level=info msg="started server at 0.0.0.0:8080"
time="2024-04-04T21:27:49+03:00" level=info msg="get upload image" requestID=1
time="2024-04-04T21:27:49+03:00" level=info msg="file uploaded to bucket" requestID=1
time="2024-04-04T21:27:49+03:00" level=info msg="image added" requestID=1
time="2024-04-04T21:31:13+03:00" level=info msg="started server at 0.0.0.0:8080"
time="2024-04-04T21:31:15+03:00" level=info msg="get upload image" requestID=1
time="2024-04-04T21:31:15+03:00" level=info msg="file uploaded to bucket" requestID=1
time="2024-04-04T21:31:15+03:00" level=info msg="image added" requestID=1
time="2024-04-04T21:39:32+03:00" level=info msg="started server at 0.0.0.0:8080"
time="2024-04-04T21:39:34+03:00" level=info msg="get upload image" requestID=1
time="2024-04-04T21:39:34+03:00" level=info msg="file uploaded to bucket" requestID=1
time="2024-04-04T21:39:34+03:00" level=info msg="image added" requestID=1
time="2024-04-04T22:22:49+03:00" level=info msg="started server at 0.0.0.0:8080"
time="2024-04-04T22:22:52+03:00" level=info msg="get upload image" requestID=1
time="2024-04-04T22:22:52+03:00" level=info msg="image added" requestID=1
time="2024-04-04T22:24:55+03:00" level=info msg="started server at 0.0.0.0:8080"
time="2024-04-04T22:24:57+03:00" level=info msg="get upload image" requestID=1
time="2024-04-04T22:24:57+03:00" level=info msg="image added" requestID=1
time="2024-04-04T22:28:26+03:00" level=info msg="started server at 0.0.0.0:8080"
time="2024-04-04T22:28:29+03:00" level=info msg="get upload image" requestID=1
time="2024-04-04T22:28:29+03:00" level=info msg="image added" requestID=1
time="2024-04-04T22:32:24+03:00" level=info msg="started server at 0.0.0.0:8080"
time="2024-04-04T22:32:36+03:00" level=info msg="get upload image" requestID=1
time="2024-04-04T22:32:37+03:00" level=info msg="image added" requestID=1
time="2024-04-04T22:32:56+03:00" level=info msg="get upload image" requestID=2
time="2024-04-04T22:32:57+03:00" level=info msg="image added" requestID=2
time="2024-04-04T23:01:43+03:00" level=info msg="started server at 0.0.0.0:8080"
time="2024-04-04T23:01:47+03:00" level=info msg="get upload image" requestID=1
time="2024-04-04T23:01:47+03:00" level=info msg="image added" requestID=1
time="2024-04-04T23:02:27+03:00" level=info msg="started server at 0.0.0.0:8080"
time="2024-04-04T23:02:29+03:00" level=info msg="get upload image" requestID=1
time="2024-04-04T23:02:29+03:00" level=info msg="image added" requestID=1
time="2024-04-04T23:03:31+03:00" level=info msg="get upload image" requestID=2
time="2024-04-04T23:03:31+03:00" level=info msg="image added" requestID=2
time="2024-04-04T23:21:39+03:00" level=info msg="started server at 0.0.0.0:8080"
time="2024-04-04T23:21:42+03:00" level=info msg="get upload image" requestID=1
time="2024-04-04T23:21:42+03:00" level=info msg="image added" requestID=1
time="2024-04-04T23:22:31+03:00" level=info msg="started server at 0.0.0.0:8080"
time="2024-04-04T23:22:33+03:00" level=info msg="get upload image" requestID=1
time="2024-04-04T23:22:33+03:00" level=info msg="image added" requestID=1
time="2024-04-04T23:26:15+03:00" level=info msg="started server at 0.0.0.0:8080"
time="2024-04-04T23:26:19+03:00" level=info msg="get upload image" requestID=1
time="2024-04-04T23:26:19+03:00" level=info msg="db get request to person" requestID=1
time="2024-04-04T23:26:19+03:00" level=info msg="db returning records" requestID=1
time="2024-04-04T23:26:19+03:00" level=info msg="image added" requestID=1
time="2024-04-04T23:28:21+03:00" level=info msg="started server at 0.0.0.0:8080"
time="2024-04-04T23:28:23+03:00" level=info msg="get upload image" requestID=1
time="2024-04-04T23:28:23+03:00" level=info msg="db get request to person" requestID=1
time="2024-04-04T23:28:23+03:00" level=info msg="db returning records" requestID=1
time="2024-04-04T23:28:23+03:00" level=info msg="image added" requestID=1
time="2024-04-04T23:28:38+03:00" level=info msg="get upload image" requestID=2
time="2024-04-04T23:28:38+03:00" level=info msg="db get request to person" requestID=2
time="2024-04-04T23:28:38+03:00" level=info msg="db returning records" requestID=2
time="2024-04-04T23:28:38+03:00" level=info msg="image added" requestID=2
time="2024-04-04T23:28:56+03:00" level=info msg="get user image" requestID=3
time="2024-04-04T23:30:37+03:00" level=info msg="get user image" requestID=4
time="2024-04-04T23:31:16+03:00" level=info msg="started server at 0.0.0.0:8080"
time="2024-04-04T23:31:20+03:00" level=info msg="get user image" requestID=1
time="2024-04-04T23:31:53+03:00" level=info msg="get user image" requestID=2
time="2024-04-04T23:31:53+03:00" level=warning msg="db can't scan person: sql: no rows in result set" requestID=2
time="2024-04-04T23:31:53+03:00" level=warning msg="sql: no rows in result set" requestID=2
time="2024-04-04T23:32:10+03:00" level=info msg="get user image" requestID=3
time="2024-04-04T23:32:10+03:00" level=warning msg="db can't scan person: sql: no rows in result set" requestID=3
time="2024-04-04T23:32:10+03:00" level=warning msg="sql: no rows in result set" requestID=3
time="2024-04-04T23:32:13+03:00" level=info msg="get user image" requestID=4
time="2024-04-04T23:32:13+03:00" level=warning msg="db can't scan person: sql: no rows in result set" requestID=4
time="2024-04-04T23:32:13+03:00" level=warning msg="sql: no rows in result set" requestID=4
time="2024-04-04T23:32:14+03:00" level=info msg="get user image" requestID=5
time="2024-04-04T23:32:14+03:00" level=warning msg="db can't scan person: sql: no rows in result set" requestID=5
time="2024-04-04T23:32:14+03:00" level=warning msg="sql: no rows in result set" requestID=5
time="2024-04-04T23:32:24+03:00" level=info msg="get user image" requestID=6
time="2024-04-04T23:32:24+03:00" level=warning msg="db can't scan person: sql: no rows in result set" requestID=6
time="2024-04-04T23:32:24+03:00" level=warning msg="sql: no rows in result set" requestID=6
time="2024-04-04T23:32:32+03:00" level=info msg="started server at 0.0.0.0:8080"
time="2024-04-04T23:32:33+03:00" level=info msg="get user image" requestID=1
time="2024-04-04T23:32:33+03:00" level=warning msg="db can't scan person: sql: no rows in result set" requestID=1
time="2024-04-04T23:32:33+03:00" level=warning msg="sql: no rows in result set" requestID=1
time="2024-04-04T23:33:11+03:00" level=info msg="started server at 0.0.0.0:8080"
time="2024-04-04T23:33:15+03:00" level=info msg="get user image" requestID=1
time="2024-04-04T23:33:15+03:00" level=warning msg="db can't scan person: sql: no rows in result set" requestID=1
time="2024-04-04T23:33:15+03:00" level=warning msg="sql: no rows in result set" requestID=1
time="2024-04-04T23:33:41+03:00" level=info msg="started server at 0.0.0.0:8080"
time="2024-04-04T23:33:43+03:00" level=info msg="get user image" requestID=1
time="2024-04-04T23:33:43+03:00" level=warning msg="db can't scan person: sql: no rows in result set" requestID=1
time="2024-04-04T23:33:43+03:00" level=warning msg="sql: no rows in result set" requestID=1
time="2024-04-04T23:34:05+03:00" level=info msg="started server at 0.0.0.0:8080"
time="2024-04-04T23:34:07+03:00" level=info msg="get user image" requestID=1
time="2024-04-04T23:34:07+03:00" level=warning msg="db can't scan person: sql: no rows in result set" requestID=1
time="2024-04-04T23:34:07+03:00" level=warning msg="sql: no rows in result set" requestID=1
time="2024-04-04T23:34:28+03:00" level=info msg="get user image" requestID=2
time="2024-04-04T23:34:28+03:00" level=warning msg="db can't scan person: sql: no rows in result set" requestID=2
time="2024-04-04T23:34:28+03:00" level=warning msg="sql: no rows in result set" requestID=2
time="2024-04-04T23:34:43+03:00" level=info msg="get user image" requestID=3
time="2024-04-04T23:34:43+03:00" level=info msg="sent image" requestID=3
time="2024-04-04T23:35:02+03:00" level=info msg="get user image" requestID=4
time="2024-04-04T23:35:02+03:00" level=info msg="sent image" requestID=4
time="2024-04-04T23:46:58+03:00" level=info msg="started server at 0.0.0.0:8080"
time="2024-04-04T23:47:05+03:00" level=info msg="get upload image" requestID=1
time="2024-04-04T23:47:05+03:00" level=info msg="db get request to person" requestID=1
time="2024-04-04T23:47:05+03:00" level=info msg="db returning records" requestID=1
time="2024-04-04T23:47:05+03:00" level=warning msg="can't query: pq: invalid input syntax for type integer: \"520c8558-7390-44b9-af39-82c7a4f507e7\"" requestID=1
time="2024-04-04T23:47:05+03:00" level=warning msg="Add img pq: invalid input syntax for type integer: \"520c8558-7390-44b9-af39-82c7a4f507e7\"" requestID=1
time="2024-04-04T23:48:25+03:00" level=info msg="started server at 0.0.0.0:8080"
time="2024-04-04T23:48:29+03:00" level=info msg="get upload image" requestID=1
time="2024-04-04T23:48:29+03:00" level=info msg="db get request to person" requestID=1
time="2024-04-04T23:48:29+03:00" level=info msg="db returning records" requestID=1
time="2024-04-04T23:48:30+03:00" level=info msg="image added" requestID=1
time="2024-04-04T23:48:42+03:00" level=info msg="get upload image" requestID=2
time="2024-04-04T23:48:42+03:00" level=info msg="db get request to person" requestID=2
time="2024-04-04T23:48:42+03:00" level=info msg="db returning records" requestID=2
time="2024-04-04T23:48:42+03:00" level=info msg="image added" requestID=2
time="2024-04-05T00:05:33+03:00" level=info msg="get upload image" requestID=3
time="2024-04-05T00:05:33+03:00" level=info msg="db get request to person" requestID=3
time="2024-04-05T00:05:33+03:00" level=info msg="db returning records" requestID=3
time="2024-04-05T00:05:33+03:00" level=warning msg="can't query: pq: insert or update on table \"person_image\" violates foreign key constraint \"person_image_image_url_fkey\"" requestID=3
time="2024-04-05T00:05:33+03:00" level=warning msg="Add img pq: insert or update on table \"person_image\" violates foreign key constraint \"person_image_image_url_fkey\"" requestID=3
time="2024-04-05T00:10:51+03:00" level=info msg="started server at 0.0.0.0:8080"
time="2024-04-05T00:10:54+03:00" level=info msg="get upload image" requestID=1
time="2024-04-05T00:10:54+03:00" level=info msg="db get request to person" requestID=1
time="2024-04-05T00:10:54+03:00" level=info msg="db returning records" requestID=1
time="2024-04-05T00:10:54+03:00" level=info msg="image added" requestID=1
time="2024-04-05T00:11:05+03:00" level=info msg="get upload image" requestID=2
time="2024-04-05T00:11:05+03:00" level=info msg="db get request to person" requestID=2
time="2024-04-05T00:11:05+03:00" level=info msg="db returning records" requestID=2
time="2024-04-05T00:11:05+03:00" level=warning msg="can't query: pq: duplicate key value violates unique constraint \"person_image_pkey\"" requestID=2
time="2024-04-05T00:11:05+03:00" level=warning msg="Add img pq: duplicate key value violates unique constraint \"person_image_pkey\"" requestID=2
time="2024-04-05T00:12:08+03:00" level=info msg="get upload image" requestID=3
time="2024-04-05T00:12:08+03:00" level=info msg="db get request to person" requestID=3
time="2024-04-05T00:12:08+03:00" level=info msg="db returning records" requestID=3
time="2024-04-05T00:12:08+03:00" level=info msg="image added" requestID=3
time="2024-04-05T00:13:34+03:00" level=info msg=registration requestID=4
time="2024-04-05T00:13:34+03:00" level=warning msg="can't unmarshal body: unexpected end of JSON input" requestID=4
time="2024-04-05T00:14:19+03:00" level=info msg=registration requestID=5
time="2024-04-05T00:14:20+03:00" level=info msg="db create request to person" requestID=5
time="2024-04-05T00:14:20+03:00" level=warning msg="db can't query: pq: invalid input syntax for type date: \"\"" requestID=5
time="2024-04-05T00:14:20+03:00" level=warning msg="can't auth: pq: invalid input syntax for type date: \"\"" requestID=5
time="2024-04-05T00:14:20+03:00" level=info msg="registered and logged with SID " requestID=5
time="2024-04-05T00:14:40+03:00" level=info msg=registration requestID=6
time="2024-04-05T00:14:41+03:00" level=info msg="db create request to person" requestID=6
time="2024-04-05T00:14:41+03:00" level=info msg="db created person" requestID=6
time="2024-04-05T00:14:41+03:00" level=info msg="db get request to person" requestID=6
time="2024-04-05T00:14:41+03:00" level=info msg="db returning records" requestID=6
time="2024-04-05T00:14:42+03:00" level=info msg="db update request to person" requestID=6
time="2024-04-05T00:14:42+03:00" level=info msg="db person updated" requestID=6
time="2024-04-05T00:14:42+03:00" level=info msg="registered and logged with SID 7d079362-d0ad-43af-aea6-6dc2c99dc4ad" requestID=6
time="2024-04-05T00:15:52+03:00" level=info msg="get upload image" requestID=7
time="2024-04-05T00:15:52+03:00" level=warning msg="http: no such file" requestID=7
time="2024-04-05T00:16:04+03:00" level=info msg="get upload image" requestID=8
time="2024-04-05T00:16:04+03:00" level=warning msg="http: no such file" requestID=8
time="2024-04-05T00:16:24+03:00" level=info msg="get upload image" requestID=9
time="2024-04-05T00:16:24+03:00" level=warning msg="http: no such file" requestID=9
time="2024-04-05T00:17:19+03:00" level=info msg="get upload image" requestID=10
time="2024-04-05T00:17:19+03:00" level=warning msg="http: no such file" requestID=10
time="2024-04-05T00:17:29+03:00" level=info msg="get upload image" requestID=11
time="2024-04-05T00:17:29+03:00" level=info msg="db get request to person" requestID=11
time="2024-04-05T00:17:29+03:00" level=info msg="db returning records" requestID=11
time="2024-04-05T00:17:29+03:00" level=info msg="image added" requestID=11
time="2024-04-05T00:17:48+03:00" level=info msg="get upload image" requestID=12
time="2024-04-05T00:17:48+03:00" level=info msg="db get request to person" requestID=12
time="2024-04-05T00:17:48+03:00" level=info msg="db returning records" requestID=12
time="2024-04-05T00:17:48+03:00" level=warning msg="can't query: pq: duplicate key value violates unique constraint \"person_image_pkey\"" requestID=12
time="2024-04-05T00:17:48+03:00" level=warning msg="Add img pq: duplicate key value violates unique constraint \"person_image_pkey\"" requestID=12
time="2024-04-05T02:30:44+03:00" level=info msg="started server at 0.0.0.0:8080"
time="2024-04-05T02:31:10+03:00" level=info msg="get user image" requestID=1
time="2024-04-05T02:31:10+03:00" level=info msg="db get request to person" requestID=1
time="2024-04-05T02:31:10+03:00" level=info msg="db returning records" requestID=1
time="2024-04-05T02:31:10+03:00" level=info msg="sent image" requestID=1
time="2024-04-05T02:32:46+03:00" level=info msg="started server at 0.0.0.0:8080"
time="2024-04-05T02:32:50+03:00" level=info msg="get user image" requestID=1
time="2024-04-05T02:32:50+03:00" level=info msg="db get request to person" requestID=1
time="2024-04-05T02:32:50+03:00" level=info msg="db returning records" requestID=1
time="2024-04-05T02:32:50+03:00" level=info msg="sent image" requestID=1
time="2024-04-05T02:37:53+03:00" level=info msg="started server at 0.0.0.0:8080"
time="2024-04-05T02:38:12+03:00" level=info msg="db get request to person" requestID=0
time="2024-04-05T02:38:12+03:00" level=info msg="db returning records" requestID=0
time="2024-04-05T02:38:12+03:00" level=info msg="get upload image" requestID=1
time="2024-04-05T02:38:12+03:00" level=info msg="db get request to person" requestID=1
time="2024-04-05T02:38:12+03:00" level=info msg="db returning records" requestID=1
time="2024-04-05T02:38:12+03:00" level=info msg="image added" requestID=1
time="2024-04-05T02:39:02+03:00" level=info msg="started server at 0.0.0.0:8080"
time="2024-04-05T02:39:05+03:00" level=info msg="db get request to person" requestID=0
time="2024-04-05T02:39:05+03:00" level=info msg="db returning records" requestID=0
time="2024-04-05T02:39:05+03:00" level=info msg="get upload image" requestID=1
time="2024-04-05T02:39:05+03:00" level=info msg="db get request to person" requestID=1
time="2024-04-05T02:39:05+03:00" level=info msg="db returning records" requestID=1
time="2024-04-05T02:39:05+03:00" level=warning msg="can't query: pq: duplicate key value violates unique constraint \"image_pkey\"" requestID=1
time="2024-04-05T02:39:05+03:00" level=warning msg="Add img pq: duplicate key value violates unique constraint \"image_pkey\"" requestID=1
time="2024-04-05T02:39:14+03:00" level=info msg="loaded session 520c8558-7390-44b9-af39-82c7a4f507e7" requestID=0
time="2024-04-05T02:39:14+03:00" level=info msg="get upload image" requestID=2
time="2024-04-05T02:39:14+03:00" level=info msg="db get request to person" requestID=2
time="2024-04-05T02:39:14+03:00" level=info msg="db returning records" requestID=2
time="2024-04-05T02:39:14+03:00" level=info msg="image added" requestID=2
time="2024-04-05T02:39:48+03:00" level=info msg="started server at 0.0.0.0:8080"
time="2024-04-05T02:39:52+03:00" level=info msg="db get request to person" requestID=0
time="2024-04-05T02:39:52+03:00" level=info msg="db returning records" requestID=0
time="2024-04-05T02:39:52+03:00" level=info msg="get upload image" requestID=1
time="2024-04-05T02:39:52+03:00" level=info msg="db get request to person" requestID=1
time="2024-04-05T02:39:52+03:00" level=info msg="db returning records" requestID=1
time="2024-04-05T02:39:52+03:00" level=warning msg="can't query: pq: duplicate key value violates unique constraint \"image_pkey\"" requestID=1
time="2024-04-05T02:39:52+03:00" level=warning msg="Add img pq: duplicate key value violates unique constraint \"image_pkey\"" requestID=1
time="2024-04-05T02:40:00+03:00" level=info msg="loaded session 520c8558-7390-44b9-af39-82c7a4f507e7" requestID=0
time="2024-04-05T02:40:00+03:00" level=info msg="get upload image" requestID=2
time="2024-04-05T02:40:00+03:00" level=info msg="db get request to person" requestID=2
time="2024-04-05T02:40:00+03:00" level=info msg="db returning records" requestID=2
time="2024-04-05T02:40:00+03:00" level=warning msg="can't query: pq: duplicate key value violates unique constraint \"image_pkey\"" requestID=2
time="2024-04-05T02:40:00+03:00" level=warning msg="Add img pq: duplicate key value violates unique constraint \"image_pkey\"" requestID=2
time="2024-04-05T02:40:10+03:00" level=info msg="loaded session 520c8558-7390-44b9-af39-82c7a4f507e7" requestID=0
time="2024-04-05T02:40:10+03:00" level=info msg="get upload image" requestID=3
time="2024-04-05T02:40:10+03:00" level=info msg="db get request to person" requestID=3
time="2024-04-05T02:40:10+03:00" level=info msg="db returning records" requestID=3
time="2024-04-05T02:40:10+03:00" level=warning msg="can't query: pq: duplicate key value violates unique constraint \"image_pkey\"" requestID=3
time="2024-04-05T02:40:10+03:00" level=warning msg="Add img pq: duplicate key value violates unique constraint \"image_pkey\"" requestID=3
time="2024-04-05T02:40:36+03:00" level=info msg="loaded session 520c8558-7390-44b9-af39-82c7a4f507e7" requestID=0
time="2024-04-05T02:40:36+03:00" level=info msg="get upload image" requestID=4
time="2024-04-05T02:40:36+03:00" level=info msg="db get request to person" requestID=4
time="2024-04-05T02:40:36+03:00" level=info msg="db returning records" requestID=4
time="2024-04-05T02:40:36+03:00" level=info msg="image added" requestID=4
time="2024-04-05T02:40:51+03:00" level=info msg="loaded session 520c8558-7390-44b9-af39-82c7a4f507e7" requestID=0
time="2024-04-05T02:40:51+03:00" level=info msg="get user image" requestID=5
time="2024-04-05T02:40:51+03:00" level=info msg="db get request to person" requestID=5
time="2024-04-05T02:40:51+03:00" level=info msg="db returning records" requestID=5
time="2024-04-05T02:40:51+03:00" level=info msg="sent image" requestID=5
time="2024-04-05T02:41:19+03:00" level=info msg="loaded session 520c8558-7390-44b9-af39-82c7a4f507e7" requestID=0
time="2024-04-05T02:41:19+03:00" level=info msg="get upload image" requestID=6
time="2024-04-05T02:41:31+03:00" level=info msg="started server at 0.0.0.0:8080"
time="2024-04-05T02:41:33+03:00" level=info msg="db get request to person" requestID=0
time="2024-04-05T02:41:33+03:00" level=info msg="db returning records" requestID=0
time="2024-04-05T02:41:33+03:00" level=info msg="get upload image" requestID=1
time="2024-04-05T02:42:35+03:00" level=info msg="started server at 0.0.0.0:8080"
time="2024-04-05T02:42:38+03:00" level=info msg="db get request to person" requestID=0
time="2024-04-05T02:42:38+03:00" level=info msg="db returning records" requestID=0
time="2024-04-05T02:42:38+03:00" level=info msg="get upload image" requestID=1
time="2024-04-05T02:43:02+03:00" level=info msg="started server at 0.0.0.0:8080"
time="2024-04-05T02:43:05+03:00" level=info msg="db get request to person" requestID=0
time="2024-04-05T02:43:05+03:00" level=info msg="db returning records" requestID=0
time="2024-04-05T02:43:05+03:00" level=info msg="get upload image" requestID=1
time="2024-04-05T02:43:30+03:00" level=info msg="started server at 0.0.0.0:8080"
time="2024-04-05T02:43:33+03:00" level=info msg="db get request to person" requestID=0
time="2024-04-05T02:43:33+03:00" level=info msg="db returning records" requestID=0
time="2024-04-05T02:43:33+03:00" level=info msg="get upload image" requestID=1
time="2024-04-05T02:43:33+03:00" level=info msg="db get request to person" requestID=1
time="2024-04-05T02:43:33+03:00" level=info msg="db returning records" requestID=1
time="2024-04-05T02:43:33+03:00" level=info msg="image added" requestID=1
time="2024-04-05T02:43:47+03:00" level=info msg="started server at 0.0.0.0:8080"
time="2024-04-05T02:43:49+03:00" level=info msg="db get request to person" requestID=0
time="2024-04-05T02:43:49+03:00" level=info msg="db returning records" requestID=0
time="2024-04-05T02:43:49+03:00" level=info msg="get upload image" requestID=1
time="2024-04-05T02:44:28+03:00" level=info msg="started server at 0.0.0.0:8080"
time="2024-04-05T02:44:31+03:00" level=info msg="db get request to person" requestID=0
time="2024-04-05T02:44:31+03:00" level=info msg="db returning records" requestID=0
time="2024-04-05T02:44:31+03:00" level=info msg="get upload image" requestID=1
time="2024-04-05T02:44:31+03:00" level=warning msg="wrong format" requestID=1
time="2024-04-05T02:46:38+03:00" level=info msg="started server at 0.0.0.0:8080"
time="2024-04-05T02:46:43+03:00" level=info msg="db get request to person" requestID=0
time="2024-04-05T02:46:43+03:00" level=info msg="db returning records" requestID=0
time="2024-04-05T02:46:43+03:00" level=info msg="get upload image" requestID=1
time="2024-04-05T02:46:43+03:00" level=warning msg="wrong format" requestID=1
time="2024-04-05T02:46:52+03:00" level=info msg="loaded session 520c8558-7390-44b9-af39-82c7a4f507e7" requestID=0
time="2024-04-05T02:46:52+03:00" level=info msg="get upload image" requestID=2
time="2024-04-05T02:46:52+03:00" level=info msg="db get request to person" requestID=2
time="2024-04-05T02:46:52+03:00" level=info msg="db returning records" requestID=2
time="2024-04-05T02:46:52+03:00" level=warning msg="can't query: pq: duplicate key value violates unique constraint \"image_pkey\"" requestID=2
time="2024-04-05T02:46:52+03:00" level=warning msg="Add img pq: duplicate key value violates unique constraint \"image_pkey\"" requestID=2
time="2024-04-05T02:47:06+03:00" level=info msg="loaded session 520c8558-7390-44b9-af39-82c7a4f507e7" requestID=0
time="2024-04-05T02:47:06+03:00" level=info msg="get upload image" requestID=3
time="2024-04-05T02:47:06+03:00" level=info msg="db get request to person" requestID=3
time="2024-04-05T02:47:06+03:00" level=info msg="db returning records" requestID=3
time="2024-04-05T02:47:07+03:00" level=info msg="image added" requestID=3
time="2024-04-06T16:33:28+03:00" level=fatal msg="dial tcp: lookup db on 172.27.224.1:53: no such host"
time="2024-04-06T16:34:11+03:00" level=fatal msg="1 error(s) decoding:\n\n* cannot parse 'Database.Port' as int: strconv.ParseInt: parsing \"postgres\": invalid syntax"
time="2024-04-06T16:34:23+03:00" level=fatal msg="1 error(s) decoding:\n\n* cannot parse 'Database.Port' as int: strconv.ParseInt: parsing \"postgres\": invalid syntax"
time="2024-04-06T16:34:42+03:00" level=fatal msg="1 error(s) decoding:\n\n* cannot parse 'Database.Port' as int: strconv.ParseInt: parsing \"postgres\": invalid syntax"
time="2024-04-06T16:35:16+03:00" level=fatal msg="1 error(s) decoding:\n\n* cannot parse 'Database.Port' as int: strconv.ParseInt: parsing \"postgresql\": invalid syntax"
time="2024-04-06T16:36:01+03:00" level=fatal msg="1 error(s) decoding:\n\n* cannot parse 'Database.Port' as int: strconv.ParseInt: parsing \"postgresql\": invalid syntax"
time="2024-04-06T16:36:32+03:00" level=fatal msg="1 error(s) decoding:\n\n* cannot parse 'Database.Port' as int: strconv.ParseInt: parsing \"postgres\": invalid syntax"
time="2024-04-06T16:38:56+03:00" level=fatal msg="1 error(s) decoding:\n\n* cannot parse 'Database.Port' as int: strconv.ParseInt: parsing \"postgresql\": invalid syntax"
time="2024-04-06T16:39:59+03:00" level=info msg="started server at 0.0.0.0:8080"
time="2024-04-06T16:40:23+03:00" level=info msg="db get request to person" requestID=0
time="2024-04-06T16:40:23+03:00" level=info msg="db returning records" requestID=0
time="2024-04-06T16:40:23+03:00" level=info msg="get user image" requestID=1
time="2024-04-06T16:40:23+03:00" level=info msg="db get request to person" requestID=1
time="2024-04-06T16:40:23+03:00" level=info msg="db returning records" requestID=1
time="2024-04-06T16:40:23+03:00" level=info msg="sent image" requestID=1
time="2024-04-06T16:41:52+03:00" level=info msg="loaded session 520c8558-7390-44b9-af39-82c7a4f507e7" requestID=0
time="2024-04-06T16:41:52+03:00" level=info msg="get user image" requestID=2
time="2024-04-06T16:41:52+03:00" level=info msg="db get request to person" requestID=2
time="2024-04-06T16:41:52+03:00" level=info msg="db returning records" requestID=2
time="2024-04-06T16:41:52+03:00" level=info msg="sent image" requestID=2
time="2024-04-06T17:29:13+03:00" level=info msg="loaded session 520c8558-7390-44b9-af39-82c7a4f507e7" requestID=0
time="2024-04-06T17:29:13+03:00" level=info msg="get user image" requestID=3
time="2024-04-06T17:29:13+03:00" level=info msg="db get request to person" requestID=3
time="2024-04-06T17:29:13+03:00" level=info msg="db returning records" requestID=3
time="2024-04-06T17:29:13+03:00" level=info msg="sent image" requestID=3
time="2024-04-07T16:34:24+03:00" level=info msg="started server at 0.0.0.0:8080"
time="2024-04-07T16:34:48+03:00" level=info msg="db get request to person" requestID=0
time="2024-04-07T16:34:48+03:00" level=info msg="db returning records" requestID=0
time="2024-04-07T16:34:48+03:00" level=info msg="get user image" requestID=1
time="2024-04-07T16:34:48+03:00" level=info msg="db get request to person" requestID=1
time="2024-04-07T16:34:48+03:00" level=info msg="db returning records" requestID=1
time="2024-04-07T16:34:48+03:00" level=info msg="sent image" requestID=1
time="2024-04-07T16:36:08+03:00" level=info msg="loaded session 520c8558-7390-44b9-af39-82c7a4f507e7" requestID=0
time="2024-04-07T16:36:08+03:00" level=info msg="get user image" requestID=2
time="2024-04-07T16:36:08+03:00" level=info msg="db get request to person" requestID=2
time="2024-04-07T16:36:08+03:00" level=info msg="db returning records" requestID=2
time="2024-04-07T16:36:08+03:00" level=info msg="sent image" requestID=2
time="2024-04-07T16:36:55+03:00" level=info msg="loaded session 520c8558-7390-44b9-af39-82c7a4f507e7" requestID=0
time="2024-04-07T16:36:55+03:00" level=info msg="get user image" requestID=3
time="2024-04-07T16:36:55+03:00" level=info msg="db get request to person" requestID=3
time="2024-04-07T16:36:55+03:00" level=info msg="db returning records" requestID=3
time="2024-04-07T16:36:55+03:00" level=info msg="sent image" requestID=3
time="2024-04-07T16:42:02+03:00" level=info msg="started server at 0.0.0.0:8080"
time="2024-04-07T16:42:58+03:00" level=info msg="db get request to person" requestID=0
time="2024-04-07T16:42:58+03:00" level=info msg="db returning records" requestID=0
time="2024-04-07T16:42:58+03:00" level=info msg="get upload image" requestID=1
time="2024-04-07T16:42:58+03:00" level=info msg="db get request to person" requestID=1
time="2024-04-07T16:42:58+03:00" level=info msg="db returning records" requestID=1
time="2024-04-07T16:42:58+03:00" level=info msg="image added" requestID=1
time="2024-04-07T16:44:45+03:00" level=info msg="db get request to person" requestID=0
time="2024-04-07T16:44:45+03:00" level=info msg="db returning records" requestID=0
time="2024-04-07T16:44:45+03:00" level=info msg="get upload image" requestID=2
time="2024-04-07T16:44:45+03:00" level=info msg="db get request to person" requestID=2
time="2024-04-07T16:44:45+03:00" level=info msg="db returning records" requestID=2
time="2024-04-07T16:44:45+03:00" level=warning msg="can't query: pq: duplicate key value violates unique constraint \"image_pkey\"" requestID=2
time="2024-04-07T16:44:45+03:00" level=warning msg="Add img pq: duplicate key value violates unique constraint \"image_pkey\"" requestID=2
time="2024-04-07T16:45:26+03:00" level=info msg="loaded session 520c8558-7390-44b9-af39-82c7a4f507e7" requestID=0
time="2024-04-07T16:45:26+03:00" level=info msg="get upload image" requestID=3
time="2024-04-07T16:45:26+03:00" level=info msg="db get request to person" requestID=3
time="2024-04-07T16:45:26+03:00" level=info msg="db returning records" requestID=3
time="2024-04-07T16:45:26+03:00" level=warning msg="can't query: pq: duplicate key value violates unique constraint \"image_pkey\"" requestID=3
time="2024-04-07T16:45:26+03:00" level=warning msg="Add img pq: duplicate key value violates unique constraint \"image_pkey\"" requestID=3
time="2024-04-07T16:45:40+03:00" level=info msg="loaded session 520c8558-7390-44b9-af39-82c7a4f507e7" requestID=0
time="2024-04-07T16:45:40+03:00" level=info msg="get upload image" requestID=4
time="2024-04-07T16:45:40+03:00" level=info msg="db get request to person" requestID=4
time="2024-04-07T16:45:40+03:00" level=info msg="db returning records" requestID=4
time="2024-04-07T16:45:40+03:00" level=warning msg="can't query: pq: duplicate key value violates unique constraint \"image_pkey\"" requestID=4
time="2024-04-07T16:45:40+03:00" level=warning msg="Add img pq: duplicate key value violates unique constraint \"image_pkey\"" requestID=4
time="2024-04-07T16:46:10+03:00" level=info msg="loaded session 520c8558-7390-44b9-af39-82c7a4f507e7" requestID=0
time="2024-04-07T16:46:10+03:00" level=info msg="get user image" requestID=5
time="2024-04-07T16:46:10+03:00" level=info msg="db get request to person" requestID=5
time="2024-04-07T16:46:10+03:00" level=info msg="db returning records" requestID=5
time="2024-04-07T16:46:10+03:00" level=info msg="sent image" requestID=5
time="2024-04-07T16:47:03+03:00" level=info msg="loaded session 520c8558-7390-44b9-af39-82c7a4f507e7" requestID=0
time="2024-04-07T16:47:03+03:00" level=info msg="get user image" requestID=6
time="2024-04-07T16:47:03+03:00" level=info msg="db get request to person" requestID=6
time="2024-04-07T16:47:03+03:00" level=info msg="db returning records" requestID=6
time="2024-04-07T16:47:03+03:00" level=info msg="sent image" requestID=6
time="2024-04-08T18:54:59+03:00" level=info msg="started server at 0.0.0.0:8080"
time="2024-04-08T18:55:12+03:00" level=info msg="db get request to person" requestID=0
time="2024-04-08T18:55:12+03:00" level=info msg="db returning records" requestID=0
time="2024-04-08T18:55:12+03:00" level=info msg="get user image" requestID=1
time="2024-04-08T18:55:12+03:00" level=info msg="db get request to person" requestID=1
time="2024-04-08T18:55:12+03:00" level=info msg="db returning records" requestID=1
time="2024-04-08T18:55:12+03:00" level=info msg="sent image" requestID=1
time="2024-04-08T18:55:50+03:00" level=info msg="loaded session 520c8558-7390-44b9-af39-82c7a4f507e7" requestID=0
time="2024-04-08T18:55:50+03:00" level=info msg="get upload image" requestID=2
time="2024-04-08T18:55:50+03:00" level=info msg="db get request to person" requestID=2
time="2024-04-08T18:55:50+03:00" level=info msg="db returning records" requestID=2
time="2024-04-08T18:55:50+03:00" level=info msg="image added" requestID=2
time="2024-04-08T18:56:51+03:00" level=info msg="loaded session 520c8558-7390-44b9-af39-82c7a4f507e7" requestID=0
time="2024-04-08T18:56:51+03:00" level=info msg="get upload image" requestID=3
time="2024-04-08T18:56:51+03:00" level=info msg="db get request to person" requestID=3
time="2024-04-08T18:56:51+03:00" level=info msg="db returning records" requestID=3
time="2024-04-08T18:56:51+03:00" level=warning msg="can't query: pq: duplicate key value violates unique constraint \"image_pkey\"" requestID=3
time="2024-04-08T18:56:51+03:00" level=warning msg="Add img pq: duplicate key value violates unique constraint \"image_pkey\"" requestID=3
time="2024-04-08T18:57:35+03:00" level=info msg="loaded session 520c8558-7390-44b9-af39-82c7a4f507e7" requestID=0
time="2024-04-08T18:57:35+03:00" level=info msg="get upload image" requestID=4
time="2024-04-08T18:57:35+03:00" level=info msg="db get request to person" requestID=4
time="2024-04-08T18:57:35+03:00" level=info msg="db returning records" requestID=4
time="2024-04-08T18:57:35+03:00" level=warning msg="can't query: pq: duplicate key value violates unique constraint \"image_pkey\"" requestID=4
time="2024-04-08T18:57:35+03:00" level=warning msg="Add img pq: duplicate key value violates unique constraint \"image_pkey\"" requestID=4
time="2024-04-08T18:58:22+03:00" level=info msg="loaded session 520c8558-7390-44b9-af39-82c7a4f507e7" requestID=0
time="2024-04-08T18:58:22+03:00" level=info msg="get upload image" requestID=5
time="2024-04-08T18:58:22+03:00" level=info msg="db get request to person" requestID=5
time="2024-04-08T18:58:22+03:00" level=info msg="db returning records" requestID=5
time="2024-04-08T18:58:22+03:00" level=info msg="image added" requestID=5
time="2024-04-08T18:58:41+03:00" level=info msg="loaded session 520c8558-7390-44b9-af39-82c7a4f507e7" requestID=0
time="2024-04-08T18:58:41+03:00" level=info msg="get upload image" requestID=6
time="2024-04-08T18:58:41+03:00" level=info msg="db get request to person" requestID=6
time="2024-04-08T18:58:41+03:00" level=info msg="db returning records" requestID=6
time="2024-04-08T18:58:42+03:00" level=warning msg="can't query: pq: duplicate key value violates unique constraint \"image_pkey\"" requestID=6
time="2024-04-08T18:58:42+03:00" level=warning msg="Add img pq: duplicate key value violates unique constraint \"image_pkey\"" requestID=6
time="2024-04-08T18:59:07+03:00" level=info msg="loaded session 520c8558-7390-44b9-af39-82c7a4f507e7" requestID=0
time="2024-04-08T18:59:07+03:00" level=info msg="get upload image" requestID=7
time="2024-04-08T18:59:07+03:00" level=info msg="db get request to person" requestID=7
time="2024-04-08T18:59:07+03:00" level=info msg="db returning records" requestID=7
time="2024-04-08T18:59:07+03:00" level=warning msg="can't query: pq: duplicate key value violates unique constraint \"image_pkey\"" requestID=7
time="2024-04-08T18:59:07+03:00" level=warning msg="Add img pq: duplicate key value violates unique constraint \"image_pkey\"" requestID=7
time="2024-04-08T18:59:35+03:00" level=info msg="loaded session 520c8558-7390-44b9-af39-82c7a4f507e7" requestID=0
time="2024-04-08T18:59:35+03:00" level=info msg="get upload image" requestID=8
time="2024-04-08T18:59:35+03:00" level=info msg="db get request to person" requestID=8
time="2024-04-08T18:59:35+03:00" level=info msg="db returning records" requestID=8
time="2024-04-08T18:59:35+03:00" level=info msg="image added" requestID=8
time="2024-04-08T19:00:34+03:00" level=info msg="started server at 0.0.0.0:8080"
time="2024-04-08T19:00:34+03:00" level=fatal msg="server error: listen tcp 0.0.0.0:8080: bind: address already in use"
time="2024-04-08T19:00:43+03:00" level=info msg="started server at 0.0.0.0:8080"
time="2024-04-08T19:00:43+03:00" level=fatal msg="server error: listen tcp 0.0.0.0:8080: bind: address already in use"
time="2024-04-08T19:00:43+03:00" level=warning msg="listen tcp :8085: bind: address already in use"
time="2024-04-08T19:02:04+03:00" level=info msg="started server at 0.0.0.0:8080"
time="2024-04-08T19:02:04+03:00" level=fatal msg="server error: listen tcp 0.0.0.0:8080: bind: address already in use"
time="2024-04-08T19:02:04+03:00" level=warning msg="listen tcp :8085: bind: address already in use"
time="2024-04-08T19:03:17+03:00" level=info msg="started server at 0.0.0.0:8080"
time="2024-04-08T19:03:42+03:00" level=info msg="db get request to person" requestID=0
time="2024-04-08T19:03:42+03:00" level=info msg="db returning records" requestID=0
time="2024-04-08T19:03:42+03:00" level=info msg="get upload image" requestID=1
time="2024-04-08T19:03:42+03:00" level=info msg="db get request to person" requestID=1
time="2024-04-08T19:03:42+03:00" level=info msg="db returning records" requestID=1
time="2024-04-08T19:03:42+03:00" level=info msg="image added" requestID=1
time="2024-04-08T19:14:50+03:00" level=info msg="started server at 0.0.0.0:8080"
time="2024-04-08T19:15:10+03:00" level=info msg="username (/me) request" requestID=1
time="2024-04-08T19:15:10+03:00" level=info msg="db get request to person" requestID=0
time="2024-04-08T19:15:10+03:00" level=info msg="db returning records" requestID=0
time="2024-04-08T19:15:10+03:00" level=info msg="get user image" requestID=2
time="2024-04-08T19:15:10+03:00" level=info msg="db get request to person" requestID=2
time="2024-04-08T19:15:10+03:00" level=info msg="db returning records" requestID=2
time="2024-04-08T19:15:10+03:00" level=info msg="sent image" requestID=2
time="2024-04-08T19:15:21+03:00" level=info msg="username (/me) request" requestID=3
time="2024-04-08T19:15:24+03:00" level=info msg="username (/me) request" requestID=4
time="2024-04-08T19:15:24+03:00" level=info msg="loaded session 520c8558-7390-44b9-af39-82c7a4f507e7" requestID=0
time="2024-04-08T19:15:24+03:00" level=info msg="get upload image" requestID=5
time="2024-04-08T19:15:24+03:00" level=warning msg="request Content-Type isn't multipart/form-data" requestID=5
time="2024-04-08T19:17:45+03:00" level=info msg="started server at 0.0.0.0:8080"
time="2024-04-08T19:18:31+03:00" level=info msg="* los_ping created on 2024-03-30 19:50:58.734 +0000 UTC \n"
time="2024-04-08T19:18:31+03:00" level=info msg="started server at 0.0.0.0:8080"
time="2024-04-08T19:24:33+03:00" level=info msg="* los_ping created on 2024-03-30 19:50:58.734 +0000 UTC \n"
time="2024-04-08T19:24:33+03:00" level=info msg="started server at 0.0.0.0:8080"
time="2024-04-08T19:25:08+03:00" level=info msg="username (/me) request" requestID=1
time="2024-04-08T19:25:08+03:00" level=info msg="db get request to person" requestID=0
time="2024-04-08T19:25:08+03:00" level=info msg="db returning records" requestID=0
time="2024-04-08T19:25:08+03:00" level=info msg="get upload image" requestID=2
time="2024-04-08T19:25:08+03:00" level=info msg="db get request to person" requestID=2
time="2024-04-08T19:25:08+03:00" level=info msg="db returning records" requestID=2
time="2024-04-08T19:25:08+03:00" level=warning msg="can't query: pq: duplicate key value violates unique constraint \"image_pkey\"" requestID=2
time="2024-04-08T19:25:08+03:00" level=warning msg="Add img pq: duplicate key value violates unique constraint \"image_pkey\"" requestID=2
time="2024-04-08T19:26:12+03:00" level=info msg="* los_ping created on 2024-03-30 19:50:58.734 +0000 UTC \n"
time="2024-04-08T19:26:12+03:00" level=info msg="started server at 0.0.0.0:8080"
time="2024-04-08T19:26:26+03:00" level=info msg="username (/me) request" requestID=1
time="2024-04-08T19:26:26+03:00" level=info msg="db get request to person" requestID=0
time="2024-04-08T19:26:26+03:00" level=info msg="db returning records" requestID=0
time="2024-04-08T19:26:26+03:00" level=info msg="get upload image" requestID=2
time="2024-04-08T19:26:26+03:00" level=info msg="db get request to person" requestID=2
time="2024-04-08T19:26:26+03:00" level=info msg="db returning records" requestID=2
time="2024-04-08T19:26:26+03:00" level=info msg="image added" requestID=2
time="2024-04-08T19:27:03+03:00" level=info msg="* los_ping created on 2024-03-30 19:50:58.734 +0000 UTC \n"
time="2024-04-08T19:27:03+03:00" level=info msg="started server at 0.0.0.0:8080"
time="2024-04-08T19:27:22+03:00" level=info msg="username (/me) request" requestID=1
time="2024-04-08T19:27:22+03:00" level=info msg="db get request to person" requestID=0
time="2024-04-08T19:27:22+03:00" level=info msg="db returning records" requestID=0
time="2024-04-08T19:27:22+03:00" level=info msg="get upload image" requestID=2
time="2024-04-08T19:27:22+03:00" level=info msg="db get request to person" requestID=2
time="2024-04-08T19:27:22+03:00" level=info msg="db returning records" requestID=2
time="2024-04-08T19:27:23+03:00" level=info msg="image added" requestID=2
time="2024-04-08T19:27:36+03:00" level=info msg="username (/me) request" requestID=3
time="2024-04-08T19:27:36+03:00" level=info msg="loaded session 520c8558-7390-44b9-af39-82c7a4f507e7" requestID=0
time="2024-04-08T19:27:36+03:00" level=info msg="get upload image" requestID=4
time="2024-04-08T19:27:36+03:00" level=info msg="db get request to person" requestID=4
time="2024-04-08T19:27:36+03:00" level=info msg="db returning records" requestID=4
time="2024-04-08T19:27:36+03:00" level=info msg="image added" requestID=4
time="2024-04-08T19:36:33+03:00" level=info msg="* los_ping created on 2024-03-30 19:50:58.734 +0000 UTC \n"
time="2024-04-08T19:36:33+03:00" level=info msg="started server at 0.0.0.0:8080"
time="2024-04-09T15:48:48+03:00" level=info msg="* los_ping created on 2024-03-30 19:50:58.734 +0000 UTC \n"
time="2024-04-09T15:48:48+03:00" level=info msg="started server at 0.0.0.0:8080"
time="2024-04-09T15:49:01+03:00" level=info msg="username (/me) request" requestID=1
time="2024-04-09T15:49:04+03:00" level=info msg="username (/me) request" requestID=2
time="2024-04-09T15:49:04+03:00" level=info msg="db get request to person" requestID=0
time="2024-04-09T15:49:04+03:00" level=info msg="db returning records" requestID=0
time="2024-04-09T15:49:04+03:00" level=info msg="get user image" requestID=3
time="2024-04-09T15:49:04+03:00" level=info msg="db get request to person" requestID=3
time="2024-04-09T15:49:04+03:00" level=info msg="db returning records" requestID=3
time="2024-04-09T15:49:04+03:00" level=info msg="sent image" requestID=3
